0 verbose cli /opt/homebrew/Cellar/node/24.10.0/bin/node /opt/homebrew/bin/npm
1 info using npm@11.6.0
2 info using node@v24.10.0
3 silly config load:file:/opt/homebrew/lib/node_modules/npm/npmrc
4 silly config load:file:/Users/marcelojimenezrocabado/mcpjam-inspector/sdk/.npmrc
5 silly config load:file:/Users/marcelojimenezrocabado/.npmrc
6 silly config load:file:/opt/homebrew/etc/npmrc
7 verbose title npm ci
8 verbose argv "--prefix" "sdk" "ci" "--legacy-peer-deps" "--cache" ".npm-cache"
9 verbose logfile logs-max:10 dir:/Users/marcelojimenezrocabado/mcpjam-inspector/.npm-cache/_logs/2025-10-15T02_38_36_158Z-
10 verbose logfile /Users/marcelojimenezrocabado/mcpjam-inspector/.npm-cache/_logs/2025-10-15T02_38_36_158Z-debug-0.log
11 silly logfile done cleaning log files
12 silly packumentCache heap:4496293888 maxSize:1124073472 maxEntrySize:562036736
13 silly idealTree buildDeps
14 silly reify moves {}
15 silly audit bulk request {
15 silly audit   '@esbuild/aix-ppc64': [ '0.25.10' ],
15 silly audit   '@esbuild/android-arm': [ '0.25.10' ],
15 silly audit   '@esbuild/android-arm64': [ '0.25.10' ],
15 silly audit   '@esbuild/android-x64': [ '0.25.10' ],
15 silly audit   '@esbuild/darwin-arm64': [ '0.25.10' ],
15 silly audit   '@esbuild/darwin-x64': [ '0.25.10' ],
15 silly audit   '@esbuild/freebsd-arm64': [ '0.25.10' ],
15 silly audit   '@esbuild/freebsd-x64': [ '0.25.10' ],
15 silly audit   '@esbuild/linux-arm': [ '0.25.10' ],
15 silly audit   '@esbuild/linux-arm64': [ '0.25.10' ],
15 silly audit   '@esbuild/linux-ia32': [ '0.25.10' ],
15 silly audit   '@esbuild/linux-loong64': [ '0.25.10' ],
15 silly audit   '@esbuild/linux-mips64el': [ '0.25.10' ],
15 silly audit   '@esbuild/linux-ppc64': [ '0.25.10' ],
15 silly audit   '@esbuild/linux-riscv64': [ '0.25.10' ],
15 silly audit   '@esbuild/linux-s390x': [ '0.25.10' ],
15 silly audit   '@esbuild/linux-x64': [ '0.25.10' ],
15 silly audit   '@esbuild/netbsd-arm64': [ '0.25.10' ],
15 silly audit   '@esbuild/netbsd-x64': [ '0.25.10' ],
15 silly audit   '@esbuild/openbsd-arm64': [ '0.25.10' ],
15 silly audit   '@esbuild/openbsd-x64': [ '0.25.10' ],
15 silly audit   '@esbuild/openharmony-arm64': [ '0.25.10' ],
15 silly audit   '@esbuild/sunos-x64': [ '0.25.10' ],
15 silly audit   '@esbuild/win32-arm64': [ '0.25.10' ],
15 silly audit   '@esbuild/win32-ia32': [ '0.25.10' ],
15 silly audit   '@esbuild/win32-x64': [ '0.25.10' ],
15 silly audit   '@isaacs/cliui': [ '8.0.2' ],
15 silly audit   '@jridgewell/gen-mapping': [ '0.3.13' ],
15 silly audit   '@jridgewell/resolve-uri': [ '3.1.2' ],
15 silly audit   '@jridgewell/sourcemap-codec': [ '1.5.5' ],
15 silly audit   '@jridgewell/trace-mapping': [ '0.3.31' ],
15 silly audit   '@modelcontextprotocol/sdk': [ '1.20.0' ],
15 silly audit   '@pkgjs/parseargs': [ '0.11.0' ],
15 silly audit   '@rollup/rollup-android-arm-eabi': [ '4.52.4' ],
15 silly audit   '@rollup/rollup-android-arm64': [ '4.52.4' ],
15 silly audit   '@rollup/rollup-darwin-arm64': [ '4.52.4' ],
15 silly audit   '@rollup/rollup-darwin-x64': [ '4.52.4' ],
15 silly audit   '@rollup/rollup-freebsd-arm64': [ '4.52.4' ],
15 silly audit   '@rollup/rollup-freebsd-x64': [ '4.52.4' ],
15 silly audit   '@rollup/rollup-linux-arm-gnueabihf': [ '4.52.4' ],
15 silly audit   '@rollup/rollup-linux-arm-musleabihf': [ '4.52.4' ],
15 silly audit   '@rollup/rollup-linux-arm64-gnu': [ '4.52.4' ],
15 silly audit   '@rollup/rollup-linux-arm64-musl': [ '4.52.4' ],
15 silly audit   '@rollup/rollup-linux-loong64-gnu': [ '4.52.4' ],
15 silly audit   '@rollup/rollup-linux-ppc64-gnu': [ '4.52.4' ],
15 silly audit   '@rollup/rollup-linux-riscv64-gnu': [ '4.52.4' ],
15 silly audit   '@rollup/rollup-linux-riscv64-musl': [ '4.52.4' ],
15 silly audit   '@rollup/rollup-linux-s390x-gnu': [ '4.52.4' ],
15 silly audit   '@rollup/rollup-linux-x64-gnu': [ '4.52.4' ],
15 silly audit   '@rollup/rollup-linux-x64-musl': [ '4.52.4' ],
15 silly audit   '@rollup/rollup-openharmony-arm64': [ '4.52.4' ],
15 silly audit   '@rollup/rollup-win32-arm64-msvc': [ '4.52.4' ],
15 silly audit   '@rollup/rollup-win32-ia32-msvc': [ '4.52.4' ],
15 silly audit   '@rollup/rollup-win32-x64-gnu': [ '4.52.4' ],
15 silly audit   '@rollup/rollup-win32-x64-msvc': [ '4.52.4' ],
15 silly audit   '@types/estree': [ '1.0.8' ],
15 silly audit   accepts: [ '2.0.0' ],
15 silly audit   acorn: [ '8.15.0' ],
15 silly audit   ajv: [ '6.12.6' ],
15 silly audit   'ansi-regex': [ '6.2.2', '5.0.1' ],
15 silly audit   'ansi-styles': [ '6.2.3', '4.3.0' ],
15 silly audit   'any-promise': [ '1.3.0' ],
15 silly audit   'balanced-match': [ '1.0.2' ],
15 silly audit   'body-parser': [ '2.2.0' ],
15 silly audit   'brace-expansion': [ '2.0.2' ],
15 silly audit   'bundle-require': [ '5.1.0' ],
15 silly audit   bytes: [ '3.1.2' ],
15 silly audit   cac: [ '6.7.14' ],
15 silly audit   'call-bind-apply-helpers': [ '1.0.2' ],
15 silly audit   'call-bound': [ '1.0.4' ],
15 silly audit   chokidar: [ '4.0.3' ],
15 silly audit   'color-convert': [ '2.0.1' ],
15 silly audit   'color-name': [ '1.1.4' ],
15 silly audit   commander: [ '4.1.1' ],
15 silly audit   confbox: [ '0.1.8' ],
15 silly audit   consola: [ '3.4.2' ],
15 silly audit   'content-disposition': [ '1.0.0' ],
15 silly audit   'content-type': [ '1.0.5' ],
15 silly audit   cookie: [ '0.7.2' ],
15 silly audit   'cookie-signature': [ '1.2.2' ],
15 silly audit   cors: [ '2.8.5' ],
15 silly audit   'cross-spawn': [ '7.0.6' ],
15 silly audit   debug: [ '4.4.3' ],
15 silly audit   depd: [ '2.0.0' ],
15 silly audit   'dunder-proto': [ '1.0.1' ],
15 silly audit   eastasianwidth: [ '0.2.0' ],
15 silly audit   'ee-first': [ '1.1.1' ],
15 silly audit   'emoji-regex': [ '9.2.2', '8.0.0' ],
15 silly audit   encodeurl: [ '2.0.0' ],
15 silly audit   'es-define-property': [ '1.0.1' ],
15 silly audit   'es-errors': [ '1.3.0' ],
15 silly audit   'es-object-atoms': [ '1.1.1' ],
15 silly audit   esbuild: [ '0.25.10' ],
15 silly audit   'escape-html': [ '1.0.3' ],
15 silly audit   etag: [ '1.8.1' ],
15 silly audit   eventsource: [ '3.0.7' ],
15 silly audit   'eventsource-parser': [ '3.0.6' ],
15 silly audit   express: [ '5.1.0' ],
15 silly audit   'express-rate-limit': [ '7.5.1' ],
15 silly audit   'fast-deep-equal': [ '3.1.3' ],
15 silly audit   'fast-json-stable-stringify': [ '2.1.0' ],
15 silly audit   fdir: [ '6.5.0' ],
15 silly audit   finalhandler: [ '2.1.0' ],
15 silly audit   'fix-dts-default-cjs-exports': [ '1.0.1' ],
15 silly audit   'foreground-child': [ '3.3.1' ],
15 silly audit   forwarded: [ '0.2.0' ],
15 silly audit   fresh: [ '2.0.0' ],
15 silly audit   fsevents: [ '2.3.3' ],
15 silly audit   'function-bind': [ '1.1.2' ],
15 silly audit   'get-intrinsic': [ '1.3.0' ],
15 silly audit   'get-proto': [ '1.0.1' ],
15 silly audit   glob: [ '10.4.5' ],
15 silly audit   gopd: [ '1.2.0' ],
15 silly audit   'has-symbols': [ '1.1.0' ],
15 silly audit   hasown: [ '2.0.2' ],
15 silly audit   'http-errors': [ '2.0.0' ],
15 silly audit   statuses: [ '2.0.1', '2.0.2' ],
15 silly audit   'iconv-lite': [ '0.6.3', '0.7.0' ],
15 silly audit   inherits: [ '2.0.4' ],
15 silly audit   'ipaddr.js': [ '1.9.1' ],
15 silly audit   'is-fullwidth-code-point': [ '3.0.0' ],
15 silly audit   'is-promise': [ '4.0.0' ],
15 silly audit   isexe: [ '2.0.0' ],
15 silly audit   jackspeak: [ '3.4.3' ],
15 silly audit   joycon: [ '3.1.1' ],
15 silly audit   'json-schema-traverse': [ '0.4.1' ],
15 silly audit   lilconfig: [ '3.1.3' ],
15 silly audit   'lines-and-columns': [ '1.2.4' ],
15 silly audit   'load-tsconfig': [ '0.2.5' ],
15 silly audit   'lodash.sortby': [ '4.7.0' ],
15 silly audit   'lru-cache': [ '10.4.3' ],
15 silly audit   'magic-string': [ '0.30.19' ],
15 silly audit   'math-intrinsics': [ '1.1.0' ],
15 silly audit   'media-typer': [ '1.1.0' ],
15 silly audit   'merge-descriptors': [ '2.0.0' ],
15 silly audit   'mime-db': [ '1.54.0' ],
15 silly audit   'mime-types': [ '3.0.1' ],
15 silly audit   minimatch: [ '9.0.5' ],
15 silly audit   minipass: [ '7.1.2' ],
15 silly audit   mlly: [ '1.8.0' ],
15 silly audit   ms: [ '2.1.3' ],
15 silly audit   mz: [ '2.7.0' ],
15 silly audit   negotiator: [ '1.0.0' ],
15 silly audit   'object-assign': [ '4.1.1' ],
15 silly audit   'object-inspect': [ '1.13.4' ],
15 silly audit   'on-finished': [ '2.4.1' ],
15 silly audit   once: [ '1.4.0' ],
15 silly audit   'package-json-from-dist': [ '1.0.1' ],
15 silly audit   parseurl: [ '1.3.3' ],
15 silly audit   'path-key': [ '3.1.1' ],
15 silly audit   'path-scurry': [ '1.11.1' ],
15 silly audit   'path-to-regexp': [ '8.3.0' ],
15 silly audit   pathe: [ '2.0.3' ],
15 silly audit   picocolors: [ '1.1.1' ],
15 silly audit   picomatch: [ '4.0.3' ],
15 silly audit   pirates: [ '4.0.7' ],
15 silly audit   'pkce-challenge': [ '5.0.0' ],
15 silly audit   'pkg-types': [ '1.3.1' ],
15 silly audit   'postcss-load-config': [ '6.0.1' ],
15 silly audit   'proxy-addr': [ '2.0.7' ],
15 silly audit   punycode: [ '2.3.1' ],
15 silly audit   qs: [ '6.14.0' ],
15 silly audit   'range-parser': [ '1.2.1' ],
15 silly audit   'raw-body': [ '3.0.1' ],
15 silly audit   readdirp: [ '4.1.2' ],
15 silly audit   'resolve-from': [ '5.0.0' ],
15 silly audit   rollup: [ '4.52.4' ],
15 silly audit   router: [ '2.2.0' ],
15 silly audit   'safe-buffer': [ '5.2.1' ],
15 silly audit   'safer-buffer': [ '2.1.2' ],
15 silly audit   send: [ '1.2.0' ],
15 silly audit   'serve-static': [ '2.2.0' ],
15 silly audit   setprototypeof: [ '1.2.0' ],
15 silly audit   'shebang-command': [ '2.0.0' ],
15 silly audit   'shebang-regex': [ '3.0.0' ],
15 silly audit   'side-channel': [ '1.1.0' ],
15 silly audit   'side-channel-list': [ '1.0.0' ],
15 silly audit   'side-channel-map': [ '1.0.1' ],
15 silly audit   'side-channel-weakmap': [ '1.0.2' ],
15 silly audit   'signal-exit': [ '4.1.0' ],
15 silly audit   'source-map': [ '0.8.0-beta.0' ],
15 silly audit   'string-width': [ '5.1.2', '4.2.3' ],
15 silly audit   'strip-ansi': [ '6.0.1', '7.1.2' ],
15 silly audit   sucrase: [ '3.35.0' ],
15 silly audit   thenify: [ '3.3.1' ],
15 silly audit   'thenify-all': [ '1.6.0' ],
15 silly audit   tinyexec: [ '0.3.2' ],
15 silly audit   tinyglobby: [ '0.2.15' ],
15 silly audit   toidentifier: [ '1.0.1' ],
15 silly audit   tr46: [ '1.0.1' ],
15 silly audit   'tree-kill': [ '1.2.2' ],
15 silly audit   'ts-interface-checker': [ '0.1.13' ],
15 silly audit   tsup: [ '8.5.0' ],
15 silly audit   'type-is': [ '2.0.1' ],
15 silly audit   typescript: [ '5.9.3' ],
15 silly audit   ufo: [ '1.6.1' ],
15 silly audit   unpipe: [ '1.0.0' ],
15 silly audit   'uri-js': [ '4.4.1' ],
15 silly audit   vary: [ '1.1.2' ],
15 silly audit   'webidl-conversions': [ '4.0.2' ],
15 silly audit   'whatwg-url': [ '7.1.0' ],
15 silly audit   which: [ '2.0.2' ],
15 silly audit   'wrap-ansi': [ '8.1.0', '7.0.0' ],
15 silly audit   wrappy: [ '1.0.2' ],
15 silly audit   zod: [ '3.25.76' ],
15 silly audit   'zod-to-json-schema': [ '3.24.6' ]
15 silly audit }
16 verbose reify failed optional dependency /Users/marcelojimenezrocabado/mcpjam-inspector/sdk/node_modules/@rollup/rollup-win32-x64-msvc
17 silly reify mark deleted [
17 silly reify   '/Users/marcelojimenezrocabado/mcpjam-inspector/sdk/node_modules/@rollup/rollup-win32-x64-msvc'
17 silly reify ]
18 verbose reify failed optional dependency /Users/marcelojimenezrocabado/mcpjam-inspector/sdk/node_modules/@rollup/rollup-win32-x64-gnu
19 silly reify mark deleted [
19 silly reify   '/Users/marcelojimenezrocabado/mcpjam-inspector/sdk/node_modules/@rollup/rollup-win32-x64-gnu'
19 silly reify ]
20 verbose reify failed optional dependency /Users/marcelojimenezrocabado/mcpjam-inspector/sdk/node_modules/@rollup/rollup-win32-ia32-msvc
21 silly reify mark deleted [
21 silly reify   '/Users/marcelojimenezrocabado/mcpjam-inspector/sdk/node_modules/@rollup/rollup-win32-ia32-msvc'
21 silly reify ]
22 verbose reify failed optional dependency /Users/marcelojimenezrocabado/mcpjam-inspector/sdk/node_modules/@rollup/rollup-win32-arm64-msvc
23 silly reify mark deleted [
23 silly reify   '/Users/marcelojimenezrocabado/mcpjam-inspector/sdk/node_modules/@rollup/rollup-win32-arm64-msvc'
23 silly reify ]
24 verbose reify failed optional dependency /Users/marcelojimenezrocabado/mcpjam-inspector/sdk/node_modules/@rollup/rollup-openharmony-arm64
25 silly reify mark deleted [
25 silly reify   '/Users/marcelojimenezrocabado/mcpjam-inspector/sdk/node_modules/@rollup/rollup-openharmony-arm64'
25 silly reify ]
26 verbose reify failed optional dependency /Users/marcelojimenezrocabado/mcpjam-inspector/sdk/node_modules/@rollup/rollup-linux-x64-musl
27 silly reify mark deleted [
27 silly reify   '/Users/marcelojimenezrocabado/mcpjam-inspector/sdk/node_modules/@rollup/rollup-linux-x64-musl'
27 silly reify ]
28 verbose reify failed optional dependency /Users/marcelojimenezrocabado/mcpjam-inspector/sdk/node_modules/@rollup/rollup-linux-x64-gnu
29 silly reify mark deleted [
29 silly reify   '/Users/marcelojimenezrocabado/mcpjam-inspector/sdk/node_modules/@rollup/rollup-linux-x64-gnu'
29 silly reify ]
30 verbose reify failed optional dependency /Users/marcelojimenezrocabado/mcpjam-inspector/sdk/node_modules/@rollup/rollup-linux-s390x-gnu
31 silly reify mark deleted [
31 silly reify   '/Users/marcelojimenezrocabado/mcpjam-inspector/sdk/node_modules/@rollup/rollup-linux-s390x-gnu'
31 silly reify ]
32 verbose reify failed optional dependency /Users/marcelojimenezrocabado/mcpjam-inspector/sdk/node_modules/@rollup/rollup-linux-riscv64-musl
33 silly reify mark deleted [
33 silly reify   '/Users/marcelojimenezrocabado/mcpjam-inspector/sdk/node_modules/@rollup/rollup-linux-riscv64-musl'
33 silly reify ]
34 verbose reify failed optional dependency /Users/marcelojimenezrocabado/mcpjam-inspector/sdk/node_modules/@rollup/rollup-linux-riscv64-gnu
35 silly reify mark deleted [
35 silly reify   '/Users/marcelojimenezrocabado/mcpjam-inspector/sdk/node_modules/@rollup/rollup-linux-riscv64-gnu'
35 silly reify ]
36 verbose reify failed optional dependency /Users/marcelojimenezrocabado/mcpjam-inspector/sdk/node_modules/@rollup/rollup-linux-ppc64-gnu
37 silly reify mark deleted [
37 silly reify   '/Users/marcelojimenezrocabado/mcpjam-inspector/sdk/node_modules/@rollup/rollup-linux-ppc64-gnu'
37 silly reify ]
38 verbose reify failed optional dependency /Users/marcelojimenezrocabado/mcpjam-inspector/sdk/node_modules/@rollup/rollup-linux-loong64-gnu
39 silly reify mark deleted [
39 silly reify   '/Users/marcelojimenezrocabado/mcpjam-inspector/sdk/node_modules/@rollup/rollup-linux-loong64-gnu'
39 silly reify ]
40 verbose reify failed optional dependency /Users/marcelojimenezrocabado/mcpjam-inspector/sdk/node_modules/@rollup/rollup-linux-arm64-musl
41 silly reify mark deleted [
41 silly reify   '/Users/marcelojimenezrocabado/mcpjam-inspector/sdk/node_modules/@rollup/rollup-linux-arm64-musl'
41 silly reify ]
42 verbose reify failed optional dependency /Users/marcelojimenezrocabado/mcpjam-inspector/sdk/node_modules/@rollup/rollup-linux-arm64-gnu
43 silly reify mark deleted [
43 silly reify   '/Users/marcelojimenezrocabado/mcpjam-inspector/sdk/node_modules/@rollup/rollup-linux-arm64-gnu'
43 silly reify ]
44 verbose reify failed optional dependency /Users/marcelojimenezrocabado/mcpjam-inspector/sdk/node_modules/@rollup/rollup-linux-arm-musleabihf
45 silly reify mark deleted [
45 silly reify   '/Users/marcelojimenezrocabado/mcpjam-inspector/sdk/node_modules/@rollup/rollup-linux-arm-musleabihf'
45 silly reify ]
46 verbose reify failed optional dependency /Users/marcelojimenezrocabado/mcpjam-inspector/sdk/node_modules/@rollup/rollup-linux-arm-gnueabihf
47 silly reify mark deleted [
47 silly reify   '/Users/marcelojimenezrocabado/mcpjam-inspector/sdk/node_modules/@rollup/rollup-linux-arm-gnueabihf'
47 silly reify ]
48 verbose reify failed optional dependency /Users/marcelojimenezrocabado/mcpjam-inspector/sdk/node_modules/@rollup/rollup-freebsd-x64
49 silly reify mark deleted [
49 silly reify   '/Users/marcelojimenezrocabado/mcpjam-inspector/sdk/node_modules/@rollup/rollup-freebsd-x64'
49 silly reify ]
50 verbose reify failed optional dependency /Users/marcelojimenezrocabado/mcpjam-inspector/sdk/node_modules/@rollup/rollup-freebsd-arm64
51 silly reify mark deleted [
51 silly reify   '/Users/marcelojimenezrocabado/mcpjam-inspector/sdk/node_modules/@rollup/rollup-freebsd-arm64'
51 silly reify ]
52 verbose reify failed optional dependency /Users/marcelojimenezrocabado/mcpjam-inspector/sdk/node_modules/@rollup/rollup-darwin-x64
53 silly reify mark deleted [
53 silly reify   '/Users/marcelojimenezrocabado/mcpjam-inspector/sdk/node_modules/@rollup/rollup-darwin-x64'
53 silly reify ]
54 verbose reify failed optional dependency /Users/marcelojimenezrocabado/mcpjam-inspector/sdk/node_modules/@rollup/rollup-android-arm64
55 silly reify mark deleted [
55 silly reify   '/Users/marcelojimenezrocabado/mcpjam-inspector/sdk/node_modules/@rollup/rollup-android-arm64'
55 silly reify ]
56 verbose reify failed optional dependency /Users/marcelojimenezrocabado/mcpjam-inspector/sdk/node_modules/@rollup/rollup-android-arm-eabi
57 silly reify mark deleted [
57 silly reify   '/Users/marcelojimenezrocabado/mcpjam-inspector/sdk/node_modules/@rollup/rollup-android-arm-eabi'
57 silly reify ]
58 verbose reify failed optional dependency /Users/marcelojimenezrocabado/mcpjam-inspector/sdk/node_modules/@esbuild/win32-x64
59 silly reify mark deleted [
59 silly reify   '/Users/marcelojimenezrocabado/mcpjam-inspector/sdk/node_modules/@esbuild/win32-x64'
59 silly reify ]
60 verbose reify failed optional dependency /Users/marcelojimenezrocabado/mcpjam-inspector/sdk/node_modules/@esbuild/win32-ia32
61 silly reify mark deleted [
61 silly reify   '/Users/marcelojimenezrocabado/mcpjam-inspector/sdk/node_modules/@esbuild/win32-ia32'
61 silly reify ]
62 verbose reify failed optional dependency /Users/marcelojimenezrocabado/mcpjam-inspector/sdk/node_modules/@esbuild/win32-arm64
63 silly reify mark deleted [
63 silly reify   '/Users/marcelojimenezrocabado/mcpjam-inspector/sdk/node_modules/@esbuild/win32-arm64'
63 silly reify ]
64 verbose reify failed optional dependency /Users/marcelojimenezrocabado/mcpjam-inspector/sdk/node_modules/@esbuild/sunos-x64
65 silly reify mark deleted [
65 silly reify   '/Users/marcelojimenezrocabado/mcpjam-inspector/sdk/node_modules/@esbuild/sunos-x64'
65 silly reify ]
66 verbose reify failed optional dependency /Users/marcelojimenezrocabado/mcpjam-inspector/sdk/node_modules/@esbuild/openharmony-arm64
67 silly reify mark deleted [
67 silly reify   '/Users/marcelojimenezrocabado/mcpjam-inspector/sdk/node_modules/@esbuild/openharmony-arm64'
67 silly reify ]
68 verbose reify failed optional dependency /Users/marcelojimenezrocabado/mcpjam-inspector/sdk/node_modules/@esbuild/openbsd-x64
69 silly reify mark deleted [
69 silly reify   '/Users/marcelojimenezrocabado/mcpjam-inspector/sdk/node_modules/@esbuild/openbsd-x64'
69 silly reify ]
70 verbose reify failed optional dependency /Users/marcelojimenezrocabado/mcpjam-inspector/sdk/node_modules/@esbuild/openbsd-arm64
71 silly reify mark deleted [
71 silly reify   '/Users/marcelojimenezrocabado/mcpjam-inspector/sdk/node_modules/@esbuild/openbsd-arm64'
71 silly reify ]
72 verbose reify failed optional dependency /Users/marcelojimenezrocabado/mcpjam-inspector/sdk/node_modules/@esbuild/netbsd-x64
73 silly reify mark deleted [
73 silly reify   '/Users/marcelojimenezrocabado/mcpjam-inspector/sdk/node_modules/@esbuild/netbsd-x64'
73 silly reify ]
74 verbose reify failed optional dependency /Users/marcelojimenezrocabado/mcpjam-inspector/sdk/node_modules/@esbuild/netbsd-arm64
75 silly reify mark deleted [
75 silly reify   '/Users/marcelojimenezrocabado/mcpjam-inspector/sdk/node_modules/@esbuild/netbsd-arm64'
75 silly reify ]
76 verbose reify failed optional dependency /Users/marcelojimenezrocabado/mcpjam-inspector/sdk/node_modules/@esbuild/linux-x64
77 silly reify mark deleted [
77 silly reify   '/Users/marcelojimenezrocabado/mcpjam-inspector/sdk/node_modules/@esbuild/linux-x64'
77 silly reify ]
78 verbose reify failed optional dependency /Users/marcelojimenezrocabado/mcpjam-inspector/sdk/node_modules/@esbuild/linux-s390x
79 silly reify mark deleted [
79 silly reify   '/Users/marcelojimenezrocabado/mcpjam-inspector/sdk/node_modules/@esbuild/linux-s390x'
79 silly reify ]
80 verbose reify failed optional dependency /Users/marcelojimenezrocabado/mcpjam-inspector/sdk/node_modules/@esbuild/linux-riscv64
81 silly reify mark deleted [
81 silly reify   '/Users/marcelojimenezrocabado/mcpjam-inspector/sdk/node_modules/@esbuild/linux-riscv64'
81 silly reify ]
82 verbose reify failed optional dependency /Users/marcelojimenezrocabado/mcpjam-inspector/sdk/node_modules/@esbuild/linux-ppc64
83 silly reify mark deleted [
83 silly reify   '/Users/marcelojimenezrocabado/mcpjam-inspector/sdk/node_modules/@esbuild/linux-ppc64'
83 silly reify ]
84 verbose reify failed optional dependency /Users/marcelojimenezrocabado/mcpjam-inspector/sdk/node_modules/@esbuild/linux-mips64el
85 silly reify mark deleted [
85 silly reify   '/Users/marcelojimenezrocabado/mcpjam-inspector/sdk/node_modules/@esbuild/linux-mips64el'
85 silly reify ]
86 verbose reify failed optional dependency /Users/marcelojimenezrocabado/mcpjam-inspector/sdk/node_modules/@esbuild/linux-loong64
87 silly reify mark deleted [
87 silly reify   '/Users/marcelojimenezrocabado/mcpjam-inspector/sdk/node_modules/@esbuild/linux-loong64'
87 silly reify ]
88 verbose reify failed optional dependency /Users/marcelojimenezrocabado/mcpjam-inspector/sdk/node_modules/@esbuild/linux-ia32
89 silly reify mark deleted [
89 silly reify   '/Users/marcelojimenezrocabado/mcpjam-inspector/sdk/node_modules/@esbuild/linux-ia32'
89 silly reify ]
90 verbose reify failed optional dependency /Users/marcelojimenezrocabado/mcpjam-inspector/sdk/node_modules/@esbuild/linux-arm64
91 silly reify mark deleted [
91 silly reify   '/Users/marcelojimenezrocabado/mcpjam-inspector/sdk/node_modules/@esbuild/linux-arm64'
91 silly reify ]
92 verbose reify failed optional dependency /Users/marcelojimenezrocabado/mcpjam-inspector/sdk/node_modules/@esbuild/linux-arm
93 silly reify mark deleted [
93 silly reify   '/Users/marcelojimenezrocabado/mcpjam-inspector/sdk/node_modules/@esbuild/linux-arm'
93 silly reify ]
94 verbose reify failed optional dependency /Users/marcelojimenezrocabado/mcpjam-inspector/sdk/node_modules/@esbuild/freebsd-x64
95 silly reify mark deleted [
95 silly reify   '/Users/marcelojimenezrocabado/mcpjam-inspector/sdk/node_modules/@esbuild/freebsd-x64'
95 silly reify ]
96 verbose reify failed optional dependency /Users/marcelojimenezrocabado/mcpjam-inspector/sdk/node_modules/@esbuild/freebsd-arm64
97 silly reify mark deleted [
97 silly reify   '/Users/marcelojimenezrocabado/mcpjam-inspector/sdk/node_modules/@esbuild/freebsd-arm64'
97 silly reify ]
98 verbose reify failed optional dependency /Users/marcelojimenezrocabado/mcpjam-inspector/sdk/node_modules/@esbuild/darwin-x64
99 silly reify mark deleted [
99 silly reify   '/Users/marcelojimenezrocabado/mcpjam-inspector/sdk/node_modules/@esbuild/darwin-x64'
99 silly reify ]
100 verbose reify failed optional dependency /Users/marcelojimenezrocabado/mcpjam-inspector/sdk/node_modules/@esbuild/android-x64
101 silly reify mark deleted [
101 silly reify   '/Users/marcelojimenezrocabado/mcpjam-inspector/sdk/node_modules/@esbuild/android-x64'
101 silly reify ]
102 verbose reify failed optional dependency /Users/marcelojimenezrocabado/mcpjam-inspector/sdk/node_modules/@esbuild/android-arm64
103 silly reify mark deleted [
103 silly reify   '/Users/marcelojimenezrocabado/mcpjam-inspector/sdk/node_modules/@esbuild/android-arm64'
103 silly reify ]
104 verbose reify failed optional dependency /Users/marcelojimenezrocabado/mcpjam-inspector/sdk/node_modules/@esbuild/android-arm
105 silly reify mark deleted [
105 silly reify   '/Users/marcelojimenezrocabado/mcpjam-inspector/sdk/node_modules/@esbuild/android-arm'
105 silly reify ]
106 verbose reify failed optional dependency /Users/marcelojimenezrocabado/mcpjam-inspector/sdk/node_modules/@esbuild/aix-ppc64
107 silly reify mark deleted [
107 silly reify   '/Users/marcelojimenezrocabado/mcpjam-inspector/sdk/node_modules/@esbuild/aix-ppc64'
107 silly reify ]
108 http cache zod@https://registry.npmjs.org/zod/-/zod-3.25.76.tgz 0ms (cache hit)
109 http cache zod-to-json-schema@https://registry.npmjs.org/zod-to-json-schema/-/zod-to-json-schema-3.24.6.tgz 0ms (cache hit)
110 http cache wrap-ansi-cjs@https://registry.npmjs.org/wrap-ansi/-/wrap-ansi-7.0.0.tgz 0ms (cache hit)
111 http cache wrappy@https://registry.npmjs.org/wrappy/-/wrappy-1.0.2.tgz 0ms (cache hit)
112 http cache wrap-ansi@https://registry.npmjs.org/wrap-ansi/-/wrap-ansi-8.1.0.tgz 0ms (cache hit)
113 http cache which@https://registry.npmjs.org/which/-/which-2.0.2.tgz 0ms (cache hit)
114 http cache whatwg-url@https://registry.npmjs.org/whatwg-url/-/whatwg-url-7.1.0.tgz 0ms (cache hit)
115 http cache webidl-conversions@https://registry.npmjs.org/webidl-conversions/-/webidl-conversions-4.0.2.tgz 0ms (cache hit)
116 http cache uri-js@https://registry.npmjs.org/uri-js/-/uri-js-4.4.1.tgz 0ms (cache hit)
117 http cache vary@https://registry.npmjs.org/vary/-/vary-1.1.2.tgz 0ms (cache hit)
118 http cache unpipe@https://registry.npmjs.org/unpipe/-/unpipe-1.0.0.tgz 0ms (cache hit)
119 http cache typescript@https://registry.npmjs.org/typescript/-/typescript-5.9.3.tgz 0ms (cache hit)
120 http cache tsup@https://registry.npmjs.org/tsup/-/tsup-8.5.0.tgz 0ms (cache hit)
121 http cache type-is@https://registry.npmjs.org/type-is/-/type-is-2.0.1.tgz 0ms (cache hit)
122 http cache ts-interface-checker@https://registry.npmjs.org/ts-interface-checker/-/ts-interface-checker-0.1.13.tgz 0ms (cache hit)
123 http cache tree-kill@https://registry.npmjs.org/tree-kill/-/tree-kill-1.2.2.tgz 0ms (cache hit)
124 http cache tr46@https://registry.npmjs.org/tr46/-/tr46-1.0.1.tgz 0ms (cache hit)
125 http cache tinyglobby@https://registry.npmjs.org/tinyglobby/-/tinyglobby-0.2.15.tgz 0ms (cache hit)
126 http cache toidentifier@https://registry.npmjs.org/toidentifier/-/toidentifier-1.0.1.tgz 0ms (cache hit)
127 http cache tinyexec@https://registry.npmjs.org/tinyexec/-/tinyexec-0.3.2.tgz 0ms (cache hit)
128 http cache thenify-all@https://registry.npmjs.org/thenify-all/-/thenify-all-1.6.0.tgz 0ms (cache hit)
129 http cache strip-ansi@https://registry.npmjs.org/strip-ansi/-/strip-ansi-7.1.2.tgz 0ms (cache hit)
130 http cache strip-ansi-cjs@https://registry.npmjs.org/strip-ansi/-/strip-ansi-6.0.1.tgz 0ms (cache hit)
131 http cache statuses@https://registry.npmjs.org/statuses/-/statuses-2.0.2.tgz 0ms (cache hit)
132 http cache sucrase@https://registry.npmjs.org/sucrase/-/sucrase-3.35.0.tgz 0ms (cache hit)
133 http cache string-width@https://registry.npmjs.org/string-width/-/string-width-5.1.2.tgz 0ms (cache hit)
134 http cache source-map@https://registry.npmjs.org/source-map/-/source-map-0.8.0-beta.0.tgz 0ms (cache hit)
135 http cache string-width-cjs@https://registry.npmjs.org/string-width/-/string-width-4.2.3.tgz 0ms (cache hit)
136 http cache side-channel-weakmap@https://registry.npmjs.org/side-channel-weakmap/-/side-channel-weakmap-1.0.2.tgz 0ms (cache hit)
137 http cache signal-exit@https://registry.npmjs.org/signal-exit/-/signal-exit-4.1.0.tgz 0ms (cache hit)
138 http cache side-channel-map@https://registry.npmjs.org/side-channel-map/-/side-channel-map-1.0.1.tgz 0ms (cache hit)
139 http cache side-channel-list@https://registry.npmjs.org/side-channel-list/-/side-channel-list-1.0.0.tgz 0ms (cache hit)
140 http cache side-channel@https://registry.npmjs.org/side-channel/-/side-channel-1.1.0.tgz 0ms (cache hit)
141 http cache shebang-command@https://registry.npmjs.org/shebang-command/-/shebang-command-2.0.0.tgz 0ms (cache hit)
142 http cache setprototypeof@https://registry.npmjs.org/setprototypeof/-/setprototypeof-1.2.0.tgz 0ms (cache hit)
143 http cache serve-static@https://registry.npmjs.org/serve-static/-/serve-static-2.2.0.tgz 0ms (cache hit)
144 http cache send@https://registry.npmjs.org/send/-/send-1.2.0.tgz 0ms (cache hit)
145 http cache safer-buffer@https://registry.npmjs.org/safer-buffer/-/safer-buffer-2.1.2.tgz 0ms (cache hit)
146 http cache router@https://registry.npmjs.org/router/-/router-2.2.0.tgz 0ms (cache hit)
147 http cache rollup@https://registry.npmjs.org/rollup/-/rollup-4.52.4.tgz 0ms (cache hit)
148 http cache resolve-from@https://registry.npmjs.org/resolve-from/-/resolve-from-5.0.0.tgz 0ms (cache hit)
149 http cache readdirp@https://registry.npmjs.org/readdirp/-/readdirp-4.1.2.tgz 0ms (cache hit)
150 http cache raw-body@https://registry.npmjs.org/raw-body/-/raw-body-3.0.1.tgz 0ms (cache hit)
151 http cache range-parser@https://registry.npmjs.org/range-parser/-/range-parser-1.2.1.tgz 0ms (cache hit)
152 http cache qs@https://registry.npmjs.org/qs/-/qs-6.14.0.tgz 0ms (cache hit)
153 http cache punycode@https://registry.npmjs.org/punycode/-/punycode-2.3.1.tgz 0ms (cache hit)
154 http cache shebang-regex@https://registry.npmjs.org/shebang-regex/-/shebang-regex-3.0.0.tgz 0ms (cache hit)
155 http cache proxy-addr@https://registry.npmjs.org/proxy-addr/-/proxy-addr-2.0.7.tgz 0ms (cache hit)
156 http cache pkce-challenge@https://registry.npmjs.org/pkce-challenge/-/pkce-challenge-5.0.0.tgz 0ms (cache hit)
157 http cache safe-buffer@https://registry.npmjs.org/safe-buffer/-/safe-buffer-5.2.1.tgz 0ms (cache hit)
158 http cache postcss-load-config@https://registry.npmjs.org/postcss-load-config/-/postcss-load-config-6.0.1.tgz 0ms (cache hit)
159 http cache pkg-types@https://registry.npmjs.org/pkg-types/-/pkg-types-1.3.1.tgz 0ms (cache hit)
160 http cache picomatch@https://registry.npmjs.org/picomatch/-/picomatch-4.0.3.tgz 0ms (cache hit)
161 http cache picocolors@https://registry.npmjs.org/picocolors/-/picocolors-1.1.1.tgz 0ms (cache hit)
162 http cache pirates@https://registry.npmjs.org/pirates/-/pirates-4.0.7.tgz 0ms (cache hit)
163 http cache pathe@https://registry.npmjs.org/pathe/-/pathe-2.0.3.tgz 0ms (cache hit)
164 http cache path-to-regexp@https://registry.npmjs.org/path-to-regexp/-/path-to-regexp-8.3.0.tgz 0ms (cache hit)
165 http cache path-scurry@https://registry.npmjs.org/path-scurry/-/path-scurry-1.11.1.tgz 0ms (cache hit)
166 http cache parseurl@https://registry.npmjs.org/parseurl/-/parseurl-1.3.3.tgz 0ms (cache hit)
167 http cache path-key@https://registry.npmjs.org/path-key/-/path-key-3.1.1.tgz 0ms (cache hit)
168 http cache package-json-from-dist@https://registry.npmjs.org/package-json-from-dist/-/package-json-from-dist-1.0.1.tgz 0ms (cache hit)
169 http cache once@https://registry.npmjs.org/once/-/once-1.4.0.tgz 0ms (cache hit)
170 http cache on-finished@https://registry.npmjs.org/on-finished/-/on-finished-2.4.1.tgz 0ms (cache hit)
171 http cache object-inspect@https://registry.npmjs.org/object-inspect/-/object-inspect-1.13.4.tgz 0ms (cache hit)
172 http cache negotiator@https://registry.npmjs.org/negotiator/-/negotiator-1.0.0.tgz 0ms (cache hit)
173 http cache object-assign@https://registry.npmjs.org/object-assign/-/object-assign-4.1.1.tgz 0ms (cache hit)
174 http cache mz@https://registry.npmjs.org/mz/-/mz-2.7.0.tgz 0ms (cache hit)
175 http cache ms@https://registry.npmjs.org/ms/-/ms-2.1.3.tgz 0ms (cache hit)
176 http cache mlly@https://registry.npmjs.org/mlly/-/mlly-1.8.0.tgz 0ms (cache hit)
177 http cache minimatch@https://registry.npmjs.org/minimatch/-/minimatch-9.0.5.tgz 0ms (cache hit)
178 http cache minipass@https://registry.npmjs.org/minipass/-/minipass-7.1.2.tgz 0ms (cache hit)
179 http cache mime-types@https://registry.npmjs.org/mime-types/-/mime-types-3.0.1.tgz 0ms (cache hit)
180 http cache mime-db@https://registry.npmjs.org/mime-db/-/mime-db-1.54.0.tgz 0ms (cache hit)
181 http cache media-typer@https://registry.npmjs.org/media-typer/-/media-typer-1.1.0.tgz 0ms (cache hit)
182 http cache magic-string@https://registry.npmjs.org/magic-string/-/magic-string-0.30.19.tgz 0ms (cache hit)
183 http cache lru-cache@https://registry.npmjs.org/lru-cache/-/lru-cache-10.4.3.tgz 0ms (cache hit)
184 http cache math-intrinsics@https://registry.npmjs.org/math-intrinsics/-/math-intrinsics-1.1.0.tgz 0ms (cache hit)
185 http cache load-tsconfig@https://registry.npmjs.org/load-tsconfig/-/load-tsconfig-0.2.5.tgz 0ms (cache hit)
186 http cache merge-descriptors@https://registry.npmjs.org/merge-descriptors/-/merge-descriptors-2.0.0.tgz 0ms (cache hit)
187 http cache lodash.sortby@https://registry.npmjs.org/lodash.sortby/-/lodash.sortby-4.7.0.tgz 0ms (cache hit)
188 http cache lilconfig@https://registry.npmjs.org/lilconfig/-/lilconfig-3.1.3.tgz 0ms (cache hit)
189 http cache lines-and-columns@https://registry.npmjs.org/lines-and-columns/-/lines-and-columns-1.2.4.tgz 0ms (cache hit)
190 http cache json-schema-traverse@https://registry.npmjs.org/json-schema-traverse/-/json-schema-traverse-0.4.1.tgz 0ms (cache hit)
191 http cache jackspeak@https://registry.npmjs.org/jackspeak/-/jackspeak-3.4.3.tgz 0ms (cache hit)
192 http cache joycon@https://registry.npmjs.org/joycon/-/joycon-3.1.1.tgz 0ms (cache hit)
193 http cache isexe@https://registry.npmjs.org/isexe/-/isexe-2.0.0.tgz 0ms (cache hit)
194 http cache is-promise@https://registry.npmjs.org/is-promise/-/is-promise-4.0.0.tgz 0ms (cache hit)
195 http cache is-fullwidth-code-point@https://registry.npmjs.org/is-fullwidth-code-point/-/is-fullwidth-code-point-3.0.0.tgz 0ms (cache hit)
196 http cache ipaddr.js@https://registry.npmjs.org/ipaddr.js/-/ipaddr.js-1.9.1.tgz 0ms (cache hit)
197 http cache thenify@https://registry.npmjs.org/thenify/-/thenify-3.3.1.tgz 0ms (cache hit)
198 http cache ufo@https://registry.npmjs.org/ufo/-/ufo-1.6.1.tgz 0ms (cache hit)
199 http cache iconv-lite@https://registry.npmjs.org/iconv-lite/-/iconv-lite-0.6.3.tgz 0ms (cache hit)
200 http cache has-symbols@https://registry.npmjs.org/has-symbols/-/has-symbols-1.1.0.tgz 0ms (cache hit)
201 http cache inherits@https://registry.npmjs.org/inherits/-/inherits-2.0.4.tgz 0ms (cache hit)
202 http cache gopd@https://registry.npmjs.org/gopd/-/gopd-1.2.0.tgz 0ms (cache hit)
203 http cache get-proto@https://registry.npmjs.org/get-proto/-/get-proto-1.0.1.tgz 0ms (cache hit)
204 http cache function-bind@https://registry.npmjs.org/function-bind/-/function-bind-1.1.2.tgz 0ms (cache hit)
205 http cache get-intrinsic@https://registry.npmjs.org/get-intrinsic/-/get-intrinsic-1.3.0.tgz 0ms (cache hit)
206 http cache fsevents@https://registry.npmjs.org/fsevents/-/fsevents-2.3.3.tgz 0ms (cache hit)
207 http cache hasown@https://registry.npmjs.org/hasown/-/hasown-2.0.2.tgz 0ms (cache hit)
208 http cache fresh@https://registry.npmjs.org/fresh/-/fresh-2.0.0.tgz 0ms (cache hit)
209 http cache forwarded@https://registry.npmjs.org/forwarded/-/forwarded-0.2.0.tgz 0ms (cache hit)
210 http cache foreground-child@https://registry.npmjs.org/foreground-child/-/foreground-child-3.3.1.tgz 0ms (cache hit)
211 http cache finalhandler@https://registry.npmjs.org/finalhandler/-/finalhandler-2.1.0.tgz 0ms (cache hit)
212 http cache http-errors@https://registry.npmjs.org/http-errors/-/http-errors-2.0.0.tgz 0ms (cache hit)
213 http cache glob@https://registry.npmjs.org/glob/-/glob-10.4.5.tgz 0ms (cache hit)
214 http cache fast-json-stable-stringify@https://registry.npmjs.org/fast-json-stable-stringify/-/fast-json-stable-stringify-2.1.0.tgz 0ms (cache hit)
215 http cache fast-deep-equal@https://registry.npmjs.org/fast-deep-equal/-/fast-deep-equal-3.1.3.tgz 0ms (cache hit)
216 http cache fix-dts-default-cjs-exports@https://registry.npmjs.org/fix-dts-default-cjs-exports/-/fix-dts-default-cjs-exports-1.0.1.tgz 0ms (cache hit)
217 http cache express-rate-limit@https://registry.npmjs.org/express-rate-limit/-/express-rate-limit-7.5.1.tgz 0ms (cache hit)
218 http cache eventsource@https://registry.npmjs.org/eventsource/-/eventsource-3.0.7.tgz 0ms (cache hit)
219 http cache eventsource-parser@https://registry.npmjs.org/eventsource-parser/-/eventsource-parser-3.0.6.tgz 0ms (cache hit)
220 http cache fdir@https://registry.npmjs.org/fdir/-/fdir-6.5.0.tgz 0ms (cache hit)
221 http cache escape-html@https://registry.npmjs.org/escape-html/-/escape-html-1.0.3.tgz 0ms (cache hit)
222 http cache etag@https://registry.npmjs.org/etag/-/etag-1.8.1.tgz 0ms (cache hit)
223 http cache es-errors@https://registry.npmjs.org/es-errors/-/es-errors-1.3.0.tgz 0ms (cache hit)
224 http cache express@https://registry.npmjs.org/express/-/express-5.1.0.tgz 0ms (cache hit)
225 http cache es-object-atoms@https://registry.npmjs.org/es-object-atoms/-/es-object-atoms-1.1.1.tgz 0ms (cache hit)
226 http cache es-define-property@https://registry.npmjs.org/es-define-property/-/es-define-property-1.0.1.tgz 0ms (cache hit)
227 http cache esbuild@https://registry.npmjs.org/esbuild/-/esbuild-0.25.10.tgz 0ms (cache hit)
228 http cache ee-first@https://registry.npmjs.org/ee-first/-/ee-first-1.1.1.tgz 0ms (cache hit)
229 http cache emoji-regex@https://registry.npmjs.org/emoji-regex/-/emoji-regex-9.2.2.tgz 0ms (cache hit)
230 http cache depd@https://registry.npmjs.org/depd/-/depd-2.0.0.tgz 0ms (cache hit)
231 http cache dunder-proto@https://registry.npmjs.org/dunder-proto/-/dunder-proto-1.0.1.tgz 0ms (cache hit)
232 http cache cors@https://registry.npmjs.org/cors/-/cors-2.8.5.tgz 0ms (cache hit)
233 http cache debug@https://registry.npmjs.org/debug/-/debug-4.4.3.tgz 0ms (cache hit)
234 http cache cookie-signature@https://registry.npmjs.org/cookie-signature/-/cookie-signature-1.2.2.tgz 0ms (cache hit)
235 http cache cross-spawn@https://registry.npmjs.org/cross-spawn/-/cross-spawn-7.0.6.tgz 0ms (cache hit)
236 http cache eastasianwidth@https://registry.npmjs.org/eastasianwidth/-/eastasianwidth-0.2.0.tgz 0ms (cache hit)
237 http cache cookie@https://registry.npmjs.org/cookie/-/cookie-0.7.2.tgz 0ms (cache hit)
238 http cache content-disposition@https://registry.npmjs.org/content-disposition/-/content-disposition-1.0.0.tgz 0ms (cache hit)
239 http cache consola@https://registry.npmjs.org/consola/-/consola-3.4.2.tgz 0ms (cache hit)
240 http cache encodeurl@https://registry.npmjs.org/encodeurl/-/encodeurl-2.0.0.tgz 0ms (cache hit)
241 http cache color-name@https://registry.npmjs.org/color-name/-/color-name-1.1.4.tgz 0ms (cache hit)
242 http cache content-type@https://registry.npmjs.org/content-type/-/content-type-1.0.5.tgz 0ms (cache hit)
243 http cache commander@https://registry.npmjs.org/commander/-/commander-4.1.1.tgz 0ms (cache hit)
244 http cache confbox@https://registry.npmjs.org/confbox/-/confbox-0.1.8.tgz 0ms (cache hit)
245 http cache chokidar@https://registry.npmjs.org/chokidar/-/chokidar-4.0.3.tgz 0ms (cache hit)
246 http cache color-convert@https://registry.npmjs.org/color-convert/-/color-convert-2.0.1.tgz 0ms (cache hit)
247 http cache call-bound@https://registry.npmjs.org/call-bound/-/call-bound-1.0.4.tgz 0ms (cache hit)
248 http cache call-bind-apply-helpers@https://registry.npmjs.org/call-bind-apply-helpers/-/call-bind-apply-helpers-1.0.2.tgz 0ms (cache hit)
249 http cache cac@https://registry.npmjs.org/cac/-/cac-6.7.14.tgz 0ms (cache hit)
250 http cache bundle-require@https://registry.npmjs.org/bundle-require/-/bundle-require-5.1.0.tgz 0ms (cache hit)
251 http cache bytes@https://registry.npmjs.org/bytes/-/bytes-3.1.2.tgz 0ms (cache hit)
252 http cache body-parser@https://registry.npmjs.org/body-parser/-/body-parser-2.2.0.tgz 0ms (cache hit)
253 http cache balanced-match@https://registry.npmjs.org/balanced-match/-/balanced-match-1.0.2.tgz 0ms (cache hit)
254 http cache brace-expansion@https://registry.npmjs.org/brace-expansion/-/brace-expansion-2.0.2.tgz 0ms (cache hit)
255 http cache any-promise@https://registry.npmjs.org/any-promise/-/any-promise-1.3.0.tgz 0ms (cache hit)
256 http cache ajv@https://registry.npmjs.org/ajv/-/ajv-6.12.6.tgz 0ms (cache hit)
257 http cache ansi-styles@https://registry.npmjs.org/ansi-styles/-/ansi-styles-6.2.3.tgz 0ms (cache hit)
258 http cache acorn@https://registry.npmjs.org/acorn/-/acorn-8.15.0.tgz 0ms (cache hit)
259 http cache accepts@https://registry.npmjs.org/accepts/-/accepts-2.0.0.tgz 0ms (cache hit)
260 http cache @rollup/rollup-darwin-arm64@https://registry.npmjs.org/@rollup/rollup-darwin-arm64/-/rollup-darwin-arm64-4.52.4.tgz 0ms (cache hit)
261 http cache @modelcontextprotocol/sdk@https://registry.npmjs.org/@modelcontextprotocol/sdk/-/sdk-1.20.0.tgz 0ms (cache hit)
262 http cache @pkgjs/parseargs@https://registry.npmjs.org/@pkgjs/parseargs/-/parseargs-0.11.0.tgz 0ms (cache hit)
263 http cache @types/estree@https://registry.npmjs.org/@types/estree/-/estree-1.0.8.tgz 0ms (cache hit)
264 http cache ansi-regex@https://registry.npmjs.org/ansi-regex/-/ansi-regex-6.2.2.tgz 0ms (cache hit)
265 http cache @jridgewell/sourcemap-codec@https://registry.npmjs.org/@jridgewell/sourcemap-codec/-/sourcemap-codec-1.5.5.tgz 0ms (cache hit)
266 http cache @jridgewell/trace-mapping@https://registry.npmjs.org/@jridgewell/trace-mapping/-/trace-mapping-0.3.31.tgz 0ms (cache hit)
267 http cache @jridgewell/resolve-uri@https://registry.npmjs.org/@jridgewell/resolve-uri/-/resolve-uri-3.1.2.tgz 0ms (cache hit)
268 http cache @jridgewell/gen-mapping@https://registry.npmjs.org/@jridgewell/gen-mapping/-/gen-mapping-0.3.13.tgz 0ms (cache hit)
269 http cache @isaacs/cliui@https://registry.npmjs.org/@isaacs/cliui/-/cliui-8.0.2.tgz 0ms (cache hit)
270 http cache @esbuild/darwin-arm64@https://registry.npmjs.org/@esbuild/darwin-arm64/-/darwin-arm64-0.25.10.tgz 0ms (cache hit)
271 http cache string-width@https://registry.npmjs.org/string-width/-/string-width-4.2.3.tgz 0ms (cache hit)
272 http cache emoji-regex@https://registry.npmjs.org/emoji-regex/-/emoji-regex-8.0.0.tgz 0ms (cache hit)
273 http cache strip-ansi@https://registry.npmjs.org/strip-ansi/-/strip-ansi-6.0.1.tgz 0ms (cache hit)
274 http cache ansi-styles@https://registry.npmjs.org/ansi-styles/-/ansi-styles-4.3.0.tgz 0ms (cache hit)
275 http cache ansi-regex@https://registry.npmjs.org/ansi-regex/-/ansi-regex-5.0.1.tgz 0ms (cache hit)
276 http cache ansi-regex@https://registry.npmjs.org/ansi-regex/-/ansi-regex-5.0.1.tgz 0ms (cache hit)
277 http cache strip-ansi@https://registry.npmjs.org/strip-ansi/-/strip-ansi-6.0.1.tgz 0ms (cache hit)
278 http cache emoji-regex@https://registry.npmjs.org/emoji-regex/-/emoji-regex-8.0.0.tgz 0ms (cache hit)
279 http cache ansi-regex@https://registry.npmjs.org/ansi-regex/-/ansi-regex-5.0.1.tgz 0ms (cache hit)
280 http cache statuses@https://registry.npmjs.org/statuses/-/statuses-2.0.1.tgz 0ms (cache hit)
281 http cache iconv-lite@https://registry.npmjs.org/iconv-lite/-/iconv-lite-0.7.0.tgz 0ms (cache hit)
282 silly tarball no local data for typescript@https://registry.npmjs.org/typescript/-/typescript-5.9.3.tgz. Extracting by manifest.
283 silly tarball no local data for rollup@https://registry.npmjs.org/rollup/-/rollup-4.52.4.tgz. Extracting by manifest.
284 silly tarball no local data for @rollup/rollup-darwin-arm64@https://registry.npmjs.org/@rollup/rollup-darwin-arm64/-/rollup-darwin-arm64-4.52.4.tgz. Extracting by manifest.
285 silly tarball no local data for @modelcontextprotocol/sdk@https://registry.npmjs.org/@modelcontextprotocol/sdk/-/sdk-1.20.0.tgz. Extracting by manifest.
286 warn deprecated source-map@0.8.0-beta.0: The work that was done in this beta branch won't be included in future versions
287 http fetch GET 200 https://registry.npmjs.org/@rollup/rollup-darwin-arm64/-/rollup-darwin-arm64-4.52.4.tgz 524ms (cache miss)
288 http fetch GET 200 https://registry.npmjs.org/rollup/-/rollup-4.52.4.tgz 548ms (cache miss)
289 http fetch POST 200 https://registry.npmjs.org/-/npm/v1/security/advisories/bulk 703ms
290 silly audit report {}
291 http fetch GET 200 https://registry.npmjs.org/@modelcontextprotocol/sdk/-/sdk-1.20.0.tgz 739ms (cache miss)
292 http fetch GET 200 https://registry.npmjs.org/typescript/-/typescript-5.9.3.tgz 769ms (cache miss)
293 info run esbuild@0.25.10 postinstall node_modules/esbuild node install.js
294 info run esbuild@0.25.10 postinstall { code: 0, signal: null }
295 silly ADD node_modules/zod-to-json-schema
296 silly ADD node_modules/zod
297 silly ADD node_modules/wrappy
298 silly ADD node_modules/wrap-ansi-cjs
299 silly ADD node_modules/wrap-ansi-cjs/node_modules/strip-ansi
300 silly ADD node_modules/wrap-ansi-cjs/node_modules/string-width
301 silly ADD node_modules/wrap-ansi-cjs/node_modules/emoji-regex
302 silly ADD node_modules/wrap-ansi-cjs/node_modules/ansi-styles
303 silly ADD node_modules/wrap-ansi-cjs/node_modules/ansi-regex
304 silly ADD node_modules/wrap-ansi
305 silly ADD node_modules/which
306 silly ADD node_modules/whatwg-url
307 silly ADD node_modules/webidl-conversions
308 silly ADD node_modules/vary
309 silly ADD node_modules/uri-js
310 silly ADD node_modules/unpipe
311 silly ADD node_modules/ufo
312 silly ADD node_modules/typescript
313 silly ADD node_modules/type-is
314 silly ADD node_modules/tsup
315 silly ADD node_modules/ts-interface-checker
316 silly ADD node_modules/tree-kill
317 silly ADD node_modules/tr46
318 silly ADD node_modules/toidentifier
319 silly ADD node_modules/tinyglobby
320 silly ADD node_modules/tinyexec
321 silly ADD node_modules/thenify-all
322 silly ADD node_modules/thenify
323 silly ADD node_modules/sucrase
324 silly ADD node_modules/strip-ansi-cjs
325 silly ADD node_modules/strip-ansi-cjs/node_modules/ansi-regex
326 silly ADD node_modules/strip-ansi
327 silly ADD node_modules/string-width-cjs
328 silly ADD node_modules/string-width-cjs/node_modules/strip-ansi
329 silly ADD node_modules/string-width-cjs/node_modules/emoji-regex
330 silly ADD node_modules/string-width-cjs/node_modules/ansi-regex
331 silly ADD node_modules/string-width
332 silly ADD node_modules/statuses
333 silly ADD node_modules/source-map
334 silly ADD node_modules/signal-exit
335 silly ADD node_modules/side-channel-weakmap
336 silly ADD node_modules/side-channel-map
337 silly ADD node_modules/side-channel-list
338 silly ADD node_modules/side-channel
339 silly ADD node_modules/shebang-regex
340 silly ADD node_modules/shebang-command
341 silly ADD node_modules/setprototypeof
342 silly ADD node_modules/serve-static
343 silly ADD node_modules/send
344 silly ADD node_modules/safer-buffer
345 silly ADD node_modules/safe-buffer
346 silly ADD node_modules/router
347 silly ADD node_modules/rollup
348 silly ADD node_modules/resolve-from
349 silly ADD node_modules/readdirp
350 silly ADD node_modules/raw-body
351 silly ADD node_modules/raw-body/node_modules/iconv-lite
352 silly ADD node_modules/range-parser
353 silly ADD node_modules/qs
354 silly ADD node_modules/punycode
355 silly ADD node_modules/proxy-addr
356 silly ADD node_modules/postcss-load-config
357 silly ADD node_modules/pkg-types
358 silly ADD node_modules/pkce-challenge
359 silly ADD node_modules/pirates
360 silly ADD node_modules/picomatch
361 silly ADD node_modules/picocolors
362 silly ADD node_modules/pathe
363 silly ADD node_modules/path-to-regexp
364 silly ADD node_modules/path-scurry
365 silly ADD node_modules/path-key
366 silly ADD node_modules/parseurl
367 silly ADD node_modules/package-json-from-dist
368 silly ADD node_modules/once
369 silly ADD node_modules/on-finished
370 silly ADD node_modules/object-inspect
371 silly ADD node_modules/object-assign
372 silly ADD node_modules/negotiator
373 silly ADD node_modules/mz
374 silly ADD node_modules/ms
375 silly ADD node_modules/mlly
376 silly ADD node_modules/minipass
377 silly ADD node_modules/minimatch
378 silly ADD node_modules/mime-types
379 silly ADD node_modules/mime-db
380 silly ADD node_modules/merge-descriptors
381 silly ADD node_modules/media-typer
382 silly ADD node_modules/math-intrinsics
383 silly ADD node_modules/magic-string
384 silly ADD node_modules/lru-cache
385 silly ADD node_modules/lodash.sortby
386 silly ADD node_modules/load-tsconfig
387 silly ADD node_modules/lines-and-columns
388 silly ADD node_modules/lilconfig
389 silly ADD node_modules/json-schema-traverse
390 silly ADD node_modules/joycon
391 silly ADD node_modules/jackspeak
392 silly ADD node_modules/isexe
393 silly ADD node_modules/is-promise
394 silly ADD node_modules/is-fullwidth-code-point
395 silly ADD node_modules/ipaddr.js
396 silly ADD node_modules/inherits
397 silly ADD node_modules/iconv-lite
398 silly ADD node_modules/http-errors
399 silly ADD node_modules/http-errors/node_modules/statuses
400 silly ADD node_modules/hasown
401 silly ADD node_modules/has-symbols
402 silly ADD node_modules/gopd
403 silly ADD node_modules/glob
404 silly ADD node_modules/get-proto
405 silly ADD node_modules/get-intrinsic
406 silly ADD node_modules/function-bind
407 silly ADD node_modules/fsevents
408 silly ADD node_modules/fresh
409 silly ADD node_modules/forwarded
410 silly ADD node_modules/foreground-child
411 silly ADD node_modules/fix-dts-default-cjs-exports
412 silly ADD node_modules/finalhandler
413 silly ADD node_modules/fdir
414 silly ADD node_modules/fast-json-stable-stringify
415 silly ADD node_modules/fast-deep-equal
416 silly ADD node_modules/express-rate-limit
417 silly ADD node_modules/express
418 silly ADD node_modules/eventsource-parser
419 silly ADD node_modules/eventsource
420 silly ADD node_modules/etag
421 silly ADD node_modules/escape-html
422 silly ADD node_modules/esbuild
423 silly ADD node_modules/es-object-atoms
424 silly ADD node_modules/es-errors
425 silly ADD node_modules/es-define-property
426 silly ADD node_modules/encodeurl
427 silly ADD node_modules/emoji-regex
428 silly ADD node_modules/ee-first
429 silly ADD node_modules/eastasianwidth
430 silly ADD node_modules/dunder-proto
431 silly ADD node_modules/depd
432 silly ADD node_modules/debug
433 silly ADD node_modules/cross-spawn
434 silly ADD node_modules/cors
435 silly ADD node_modules/cookie-signature
436 silly ADD node_modules/cookie
437 silly ADD node_modules/content-type
438 silly ADD node_modules/content-disposition
439 silly ADD node_modules/consola
440 silly ADD node_modules/confbox
441 silly ADD node_modules/commander
442 silly ADD node_modules/color-name
443 silly ADD node_modules/color-convert
444 silly ADD node_modules/chokidar
445 silly ADD node_modules/call-bound
446 silly ADD node_modules/call-bind-apply-helpers
447 silly ADD node_modules/cac
448 silly ADD node_modules/bytes
449 silly ADD node_modules/bundle-require
450 silly ADD node_modules/brace-expansion
451 silly ADD node_modules/body-parser
452 silly ADD node_modules/balanced-match
453 silly ADD node_modules/any-promise
454 silly ADD node_modules/ansi-styles
455 silly ADD node_modules/ansi-regex
456 silly ADD node_modules/ajv
457 silly ADD node_modules/acorn
458 silly ADD node_modules/accepts
459 silly ADD node_modules/@types/estree
460 silly ADD node_modules/@rollup/rollup-win32-x64-msvc
461 silly ADD node_modules/@rollup/rollup-win32-x64-gnu
462 silly ADD node_modules/@rollup/rollup-win32-ia32-msvc
463 silly ADD node_modules/@rollup/rollup-win32-arm64-msvc
464 silly ADD node_modules/@rollup/rollup-openharmony-arm64
465 silly ADD node_modules/@rollup/rollup-linux-x64-musl
466 silly ADD node_modules/@rollup/rollup-linux-x64-gnu
467 silly ADD node_modules/@rollup/rollup-linux-s390x-gnu
468 silly ADD node_modules/@rollup/rollup-linux-riscv64-musl
469 silly ADD node_modules/@rollup/rollup-linux-riscv64-gnu
470 silly ADD node_modules/@rollup/rollup-linux-ppc64-gnu
471 silly ADD node_modules/@rollup/rollup-linux-loong64-gnu
472 silly ADD node_modules/@rollup/rollup-linux-arm64-musl
473 silly ADD node_modules/@rollup/rollup-linux-arm64-gnu
474 silly ADD node_modules/@rollup/rollup-linux-arm-musleabihf
475 silly ADD node_modules/@rollup/rollup-linux-arm-gnueabihf
476 silly ADD node_modules/@rollup/rollup-freebsd-x64
477 silly ADD node_modules/@rollup/rollup-freebsd-arm64
478 silly ADD node_modules/@rollup/rollup-darwin-x64
479 silly ADD node_modules/@rollup/rollup-darwin-arm64
480 silly ADD node_modules/@rollup/rollup-android-arm64
481 silly ADD node_modules/@rollup/rollup-android-arm-eabi
482 silly ADD node_modules/@pkgjs/parseargs
483 silly ADD node_modules/@modelcontextprotocol/sdk
484 silly ADD node_modules/@jridgewell/trace-mapping
485 silly ADD node_modules/@jridgewell/sourcemap-codec
486 silly ADD node_modules/@jridgewell/resolve-uri
487 silly ADD node_modules/@jridgewell/gen-mapping
488 silly ADD node_modules/@isaacs/cliui
489 silly ADD node_modules/@esbuild/win32-x64
490 silly ADD node_modules/@esbuild/win32-ia32
491 silly ADD node_modules/@esbuild/win32-arm64
492 silly ADD node_modules/@esbuild/sunos-x64
493 silly ADD node_modules/@esbuild/openharmony-arm64
494 silly ADD node_modules/@esbuild/openbsd-x64
495 silly ADD node_modules/@esbuild/openbsd-arm64
496 silly ADD node_modules/@esbuild/netbsd-x64
497 silly ADD node_modules/@esbuild/netbsd-arm64
498 silly ADD node_modules/@esbuild/linux-x64
499 silly ADD node_modules/@esbuild/linux-s390x
500 silly ADD node_modules/@esbuild/linux-riscv64
501 silly ADD node_modules/@esbuild/linux-ppc64
502 silly ADD node_modules/@esbuild/linux-mips64el
503 silly ADD node_modules/@esbuild/linux-loong64
504 silly ADD node_modules/@esbuild/linux-ia32
505 silly ADD node_modules/@esbuild/linux-arm64
506 silly ADD node_modules/@esbuild/linux-arm
507 silly ADD node_modules/@esbuild/freebsd-x64
508 silly ADD node_modules/@esbuild/freebsd-arm64
509 silly ADD node_modules/@esbuild/darwin-x64
510 silly ADD node_modules/@esbuild/darwin-arm64
511 silly ADD node_modules/@esbuild/android-x64
512 silly ADD node_modules/@esbuild/android-arm64
513 silly ADD node_modules/@esbuild/android-arm
514 silly ADD node_modules/@esbuild/aix-ppc64
515 verbose cwd /Users/marcelojimenezrocabado/mcpjam-inspector
516 verbose os Darwin 24.6.0
517 verbose node v24.10.0
518 verbose npm  v11.6.0
519 verbose exit 0
520 info ok
