0 verbose cli /opt/homebrew/Cellar/node/24.10.0/bin/node /opt/homebrew/bin/npm
1 info using npm@11.6.0
2 info using node@v24.10.0
3 silly config load:file:/opt/homebrew/lib/node_modules/npm/npmrc
4 silly config load:file:/Users/marcelojimenezrocabado/mcpjam-inspector/sdk/.npmrc
5 silly config load:file:/Users/marcelojimenezrocabado/.npmrc
6 silly config load:file:/opt/homebrew/etc/npmrc
7 verbose title npm ci
8 verbose argv "--prefix" "sdk" "ci" "--legacy-peer-deps" "--cache" ".npm-cache"
9 verbose logfile logs-max:10 dir:/Users/marcelojimenezrocabado/mcpjam-inspector/.npm-cache/_logs/2025-10-15T18_43_15_447Z-
10 verbose logfile /Users/marcelojimenezrocabado/mcpjam-inspector/.npm-cache/_logs/2025-10-15T18_43_15_447Z-debug-0.log
11 silly logfile start cleaning logs, removing 1 files
12 silly packumentCache heap:4496293888 maxSize:1124073472 maxEntrySize:562036736
13 silly logfile done cleaning log files
14 silly idealTree buildDeps
15 silly reify moves {}
16 silly audit bulk request {
16 silly audit   '@esbuild/aix-ppc64': [ '0.25.10' ],
16 silly audit   '@esbuild/android-arm': [ '0.25.10' ],
16 silly audit   '@esbuild/android-arm64': [ '0.25.10' ],
16 silly audit   '@esbuild/android-x64': [ '0.25.10' ],
16 silly audit   '@esbuild/darwin-arm64': [ '0.25.10' ],
16 silly audit   '@esbuild/darwin-x64': [ '0.25.10' ],
16 silly audit   '@esbuild/freebsd-arm64': [ '0.25.10' ],
16 silly audit   '@esbuild/freebsd-x64': [ '0.25.10' ],
16 silly audit   '@esbuild/linux-arm': [ '0.25.10' ],
16 silly audit   '@esbuild/linux-arm64': [ '0.25.10' ],
16 silly audit   '@esbuild/linux-ia32': [ '0.25.10' ],
16 silly audit   '@esbuild/linux-loong64': [ '0.25.10' ],
16 silly audit   '@esbuild/linux-mips64el': [ '0.25.10' ],
16 silly audit   '@esbuild/linux-ppc64': [ '0.25.10' ],
16 silly audit   '@esbuild/linux-riscv64': [ '0.25.10' ],
16 silly audit   '@esbuild/linux-s390x': [ '0.25.10' ],
16 silly audit   '@esbuild/linux-x64': [ '0.25.10' ],
16 silly audit   '@esbuild/netbsd-arm64': [ '0.25.10' ],
16 silly audit   '@esbuild/netbsd-x64': [ '0.25.10' ],
16 silly audit   '@esbuild/openbsd-arm64': [ '0.25.10' ],
16 silly audit   '@esbuild/openbsd-x64': [ '0.25.10' ],
16 silly audit   '@esbuild/openharmony-arm64': [ '0.25.10' ],
16 silly audit   '@esbuild/sunos-x64': [ '0.25.10' ],
16 silly audit   '@esbuild/win32-arm64': [ '0.25.10' ],
16 silly audit   '@esbuild/win32-ia32': [ '0.25.10' ],
16 silly audit   '@esbuild/win32-x64': [ '0.25.10' ],
16 silly audit   '@isaacs/cliui': [ '8.0.2' ],
16 silly audit   '@jridgewell/gen-mapping': [ '0.3.13' ],
16 silly audit   '@jridgewell/resolve-uri': [ '3.1.2' ],
16 silly audit   '@jridgewell/sourcemap-codec': [ '1.5.5' ],
16 silly audit   '@jridgewell/trace-mapping': [ '0.3.31' ],
16 silly audit   '@modelcontextprotocol/sdk': [ '1.20.0' ],
16 silly audit   '@pkgjs/parseargs': [ '0.11.0' ],
16 silly audit   '@rollup/rollup-android-arm-eabi': [ '4.52.4' ],
16 silly audit   '@rollup/rollup-android-arm64': [ '4.52.4' ],
16 silly audit   '@rollup/rollup-darwin-arm64': [ '4.52.4' ],
16 silly audit   '@rollup/rollup-darwin-x64': [ '4.52.4' ],
16 silly audit   '@rollup/rollup-freebsd-arm64': [ '4.52.4' ],
16 silly audit   '@rollup/rollup-freebsd-x64': [ '4.52.4' ],
16 silly audit   '@rollup/rollup-linux-arm-gnueabihf': [ '4.52.4' ],
16 silly audit   '@rollup/rollup-linux-arm-musleabihf': [ '4.52.4' ],
16 silly audit   '@rollup/rollup-linux-arm64-gnu': [ '4.52.4' ],
16 silly audit   '@rollup/rollup-linux-arm64-musl': [ '4.52.4' ],
16 silly audit   '@rollup/rollup-linux-loong64-gnu': [ '4.52.4' ],
16 silly audit   '@rollup/rollup-linux-ppc64-gnu': [ '4.52.4' ],
16 silly audit   '@rollup/rollup-linux-riscv64-gnu': [ '4.52.4' ],
16 silly audit   '@rollup/rollup-linux-riscv64-musl': [ '4.52.4' ],
16 silly audit   '@rollup/rollup-linux-s390x-gnu': [ '4.52.4' ],
16 silly audit   '@rollup/rollup-linux-x64-gnu': [ '4.52.4' ],
16 silly audit   '@rollup/rollup-linux-x64-musl': [ '4.52.4' ],
16 silly audit   '@rollup/rollup-openharmony-arm64': [ '4.52.4' ],
16 silly audit   '@rollup/rollup-win32-arm64-msvc': [ '4.52.4' ],
16 silly audit   '@rollup/rollup-win32-ia32-msvc': [ '4.52.4' ],
16 silly audit   '@rollup/rollup-win32-x64-gnu': [ '4.52.4' ],
16 silly audit   '@rollup/rollup-win32-x64-msvc': [ '4.52.4' ],
16 silly audit   '@types/estree': [ '1.0.8' ],
16 silly audit   accepts: [ '2.0.0' ],
16 silly audit   acorn: [ '8.15.0' ],
16 silly audit   ajv: [ '6.12.6' ],
16 silly audit   'ansi-regex': [ '6.2.2', '5.0.1' ],
16 silly audit   'ansi-styles': [ '6.2.3', '4.3.0' ],
16 silly audit   'any-promise': [ '1.3.0' ],
16 silly audit   'balanced-match': [ '1.0.2' ],
16 silly audit   'body-parser': [ '2.2.0' ],
16 silly audit   'brace-expansion': [ '2.0.2' ],
16 silly audit   'bundle-require': [ '5.1.0' ],
16 silly audit   bytes: [ '3.1.2' ],
16 silly audit   cac: [ '6.7.14' ],
16 silly audit   'call-bind-apply-helpers': [ '1.0.2' ],
16 silly audit   'call-bound': [ '1.0.4' ],
16 silly audit   chokidar: [ '4.0.3' ],
16 silly audit   'color-convert': [ '2.0.1' ],
16 silly audit   'color-name': [ '1.1.4' ],
16 silly audit   commander: [ '4.1.1' ],
16 silly audit   confbox: [ '0.1.8' ],
16 silly audit   consola: [ '3.4.2' ],
16 silly audit   'content-disposition': [ '1.0.0' ],
16 silly audit   'content-type': [ '1.0.5' ],
16 silly audit   cookie: [ '0.7.2' ],
16 silly audit   'cookie-signature': [ '1.2.2' ],
16 silly audit   cors: [ '2.8.5' ],
16 silly audit   'cross-spawn': [ '7.0.6' ],
16 silly audit   debug: [ '4.4.3' ],
16 silly audit   depd: [ '2.0.0' ],
16 silly audit   'dunder-proto': [ '1.0.1' ],
16 silly audit   eastasianwidth: [ '0.2.0' ],
16 silly audit   'ee-first': [ '1.1.1' ],
16 silly audit   'emoji-regex': [ '9.2.2', '8.0.0' ],
16 silly audit   encodeurl: [ '2.0.0' ],
16 silly audit   'es-define-property': [ '1.0.1' ],
16 silly audit   'es-errors': [ '1.3.0' ],
16 silly audit   'es-object-atoms': [ '1.1.1' ],
16 silly audit   esbuild: [ '0.25.10' ],
16 silly audit   'escape-html': [ '1.0.3' ],
16 silly audit   etag: [ '1.8.1' ],
16 silly audit   eventsource: [ '3.0.7' ],
16 silly audit   'eventsource-parser': [ '3.0.6' ],
16 silly audit   express: [ '5.1.0' ],
16 silly audit   'express-rate-limit': [ '7.5.1' ],
16 silly audit   'fast-deep-equal': [ '3.1.3' ],
16 silly audit   'fast-json-stable-stringify': [ '2.1.0' ],
16 silly audit   fdir: [ '6.5.0' ],
16 silly audit   finalhandler: [ '2.1.0' ],
16 silly audit   'fix-dts-default-cjs-exports': [ '1.0.1' ],
16 silly audit   'foreground-child': [ '3.3.1' ],
16 silly audit   forwarded: [ '0.2.0' ],
16 silly audit   fresh: [ '2.0.0' ],
16 silly audit   fsevents: [ '2.3.3' ],
16 silly audit   'function-bind': [ '1.1.2' ],
16 silly audit   'get-intrinsic': [ '1.3.0' ],
16 silly audit   'get-proto': [ '1.0.1' ],
16 silly audit   glob: [ '10.4.5' ],
16 silly audit   gopd: [ '1.2.0' ],
16 silly audit   'has-symbols': [ '1.1.0' ],
16 silly audit   hasown: [ '2.0.2' ],
16 silly audit   'http-errors': [ '2.0.0' ],
16 silly audit   statuses: [ '2.0.1', '2.0.2' ],
16 silly audit   'iconv-lite': [ '0.6.3', '0.7.0' ],
16 silly audit   inherits: [ '2.0.4' ],
16 silly audit   'ipaddr.js': [ '1.9.1' ],
16 silly audit   'is-fullwidth-code-point': [ '3.0.0' ],
16 silly audit   'is-promise': [ '4.0.0' ],
16 silly audit   isexe: [ '2.0.0' ],
16 silly audit   jackspeak: [ '3.4.3' ],
16 silly audit   joycon: [ '3.1.1' ],
16 silly audit   'json-schema-traverse': [ '0.4.1' ],
16 silly audit   lilconfig: [ '3.1.3' ],
16 silly audit   'lines-and-columns': [ '1.2.4' ],
16 silly audit   'load-tsconfig': [ '0.2.5' ],
16 silly audit   'lodash.sortby': [ '4.7.0' ],
16 silly audit   'lru-cache': [ '10.4.3' ],
16 silly audit   'magic-string': [ '0.30.19' ],
16 silly audit   'math-intrinsics': [ '1.1.0' ],
16 silly audit   'media-typer': [ '1.1.0' ],
16 silly audit   'merge-descriptors': [ '2.0.0' ],
16 silly audit   'mime-db': [ '1.54.0' ],
16 silly audit   'mime-types': [ '3.0.1' ],
16 silly audit   minimatch: [ '9.0.5' ],
16 silly audit   minipass: [ '7.1.2' ],
16 silly audit   mlly: [ '1.8.0' ],
16 silly audit   ms: [ '2.1.3' ],
16 silly audit   mz: [ '2.7.0' ],
16 silly audit   negotiator: [ '1.0.0' ],
16 silly audit   'object-assign': [ '4.1.1' ],
16 silly audit   'object-inspect': [ '1.13.4' ],
16 silly audit   'on-finished': [ '2.4.1' ],
16 silly audit   once: [ '1.4.0' ],
16 silly audit   'package-json-from-dist': [ '1.0.1' ],
16 silly audit   parseurl: [ '1.3.3' ],
16 silly audit   'path-key': [ '3.1.1' ],
16 silly audit   'path-scurry': [ '1.11.1' ],
16 silly audit   'path-to-regexp': [ '8.3.0' ],
16 silly audit   pathe: [ '2.0.3' ],
16 silly audit   picocolors: [ '1.1.1' ],
16 silly audit   picomatch: [ '4.0.3' ],
16 silly audit   pirates: [ '4.0.7' ],
16 silly audit   'pkce-challenge': [ '5.0.0' ],
16 silly audit   'pkg-types': [ '1.3.1' ],
16 silly audit   'postcss-load-config': [ '6.0.1' ],
16 silly audit   'proxy-addr': [ '2.0.7' ],
16 silly audit   punycode: [ '2.3.1' ],
16 silly audit   qs: [ '6.14.0' ],
16 silly audit   'range-parser': [ '1.2.1' ],
16 silly audit   'raw-body': [ '3.0.1' ],
16 silly audit   readdirp: [ '4.1.2' ],
16 silly audit   'resolve-from': [ '5.0.0' ],
16 silly audit   rollup: [ '4.52.4' ],
16 silly audit   router: [ '2.2.0' ],
16 silly audit   'safe-buffer': [ '5.2.1' ],
16 silly audit   'safer-buffer': [ '2.1.2' ],
16 silly audit   send: [ '1.2.0' ],
16 silly audit   'serve-static': [ '2.2.0' ],
16 silly audit   setprototypeof: [ '1.2.0' ],
16 silly audit   'shebang-command': [ '2.0.0' ],
16 silly audit   'shebang-regex': [ '3.0.0' ],
16 silly audit   'side-channel': [ '1.1.0' ],
16 silly audit   'side-channel-list': [ '1.0.0' ],
16 silly audit   'side-channel-map': [ '1.0.1' ],
16 silly audit   'side-channel-weakmap': [ '1.0.2' ],
16 silly audit   'signal-exit': [ '4.1.0' ],
16 silly audit   'source-map': [ '0.8.0-beta.0' ],
16 silly audit   'string-width': [ '5.1.2', '4.2.3' ],
16 silly audit   'strip-ansi': [ '6.0.1', '7.1.2' ],
16 silly audit   sucrase: [ '3.35.0' ],
16 silly audit   thenify: [ '3.3.1' ],
16 silly audit   'thenify-all': [ '1.6.0' ],
16 silly audit   tinyexec: [ '0.3.2' ],
16 silly audit   tinyglobby: [ '0.2.15' ],
16 silly audit   toidentifier: [ '1.0.1' ],
16 silly audit   tr46: [ '1.0.1' ],
16 silly audit   'tree-kill': [ '1.2.2' ],
16 silly audit   'ts-interface-checker': [ '0.1.13' ],
16 silly audit   tsup: [ '8.5.0' ],
16 silly audit   'type-is': [ '2.0.1' ],
16 silly audit   typescript: [ '5.9.3' ],
16 silly audit   ufo: [ '1.6.1' ],
16 silly audit   unpipe: [ '1.0.0' ],
16 silly audit   'uri-js': [ '4.4.1' ],
16 silly audit   vary: [ '1.1.2' ],
16 silly audit   'webidl-conversions': [ '4.0.2' ],
16 silly audit   'whatwg-url': [ '7.1.0' ],
16 silly audit   which: [ '2.0.2' ],
16 silly audit   'wrap-ansi': [ '8.1.0', '7.0.0' ],
16 silly audit   wrappy: [ '1.0.2' ],
16 silly audit   zod: [ '3.25.76' ],
16 silly audit   'zod-to-json-schema': [ '3.24.6' ]
16 silly audit }
17 verbose reify failed optional dependency /Users/marcelojimenezrocabado/mcpjam-inspector/sdk/node_modules/@rollup/rollup-win32-x64-msvc
18 silly reify mark deleted [
18 silly reify   '/Users/marcelojimenezrocabado/mcpjam-inspector/sdk/node_modules/@rollup/rollup-win32-x64-msvc'
18 silly reify ]
19 verbose reify failed optional dependency /Users/marcelojimenezrocabado/mcpjam-inspector/sdk/node_modules/@rollup/rollup-win32-x64-gnu
20 silly reify mark deleted [
20 silly reify   '/Users/marcelojimenezrocabado/mcpjam-inspector/sdk/node_modules/@rollup/rollup-win32-x64-gnu'
20 silly reify ]
21 verbose reify failed optional dependency /Users/marcelojimenezrocabado/mcpjam-inspector/sdk/node_modules/@rollup/rollup-win32-ia32-msvc
22 silly reify mark deleted [
22 silly reify   '/Users/marcelojimenezrocabado/mcpjam-inspector/sdk/node_modules/@rollup/rollup-win32-ia32-msvc'
22 silly reify ]
23 verbose reify failed optional dependency /Users/marcelojimenezrocabado/mcpjam-inspector/sdk/node_modules/@rollup/rollup-win32-arm64-msvc
24 silly reify mark deleted [
24 silly reify   '/Users/marcelojimenezrocabado/mcpjam-inspector/sdk/node_modules/@rollup/rollup-win32-arm64-msvc'
24 silly reify ]
25 verbose reify failed optional dependency /Users/marcelojimenezrocabado/mcpjam-inspector/sdk/node_modules/@rollup/rollup-openharmony-arm64
26 silly reify mark deleted [
26 silly reify   '/Users/marcelojimenezrocabado/mcpjam-inspector/sdk/node_modules/@rollup/rollup-openharmony-arm64'
26 silly reify ]
27 verbose reify failed optional dependency /Users/marcelojimenezrocabado/mcpjam-inspector/sdk/node_modules/@rollup/rollup-linux-x64-musl
28 silly reify mark deleted [
28 silly reify   '/Users/marcelojimenezrocabado/mcpjam-inspector/sdk/node_modules/@rollup/rollup-linux-x64-musl'
28 silly reify ]
29 verbose reify failed optional dependency /Users/marcelojimenezrocabado/mcpjam-inspector/sdk/node_modules/@rollup/rollup-linux-x64-gnu
30 silly reify mark deleted [
30 silly reify   '/Users/marcelojimenezrocabado/mcpjam-inspector/sdk/node_modules/@rollup/rollup-linux-x64-gnu'
30 silly reify ]
31 verbose reify failed optional dependency /Users/marcelojimenezrocabado/mcpjam-inspector/sdk/node_modules/@rollup/rollup-linux-s390x-gnu
32 silly reify mark deleted [
32 silly reify   '/Users/marcelojimenezrocabado/mcpjam-inspector/sdk/node_modules/@rollup/rollup-linux-s390x-gnu'
32 silly reify ]
33 verbose reify failed optional dependency /Users/marcelojimenezrocabado/mcpjam-inspector/sdk/node_modules/@rollup/rollup-linux-riscv64-musl
34 silly reify mark deleted [
34 silly reify   '/Users/marcelojimenezrocabado/mcpjam-inspector/sdk/node_modules/@rollup/rollup-linux-riscv64-musl'
34 silly reify ]
35 verbose reify failed optional dependency /Users/marcelojimenezrocabado/mcpjam-inspector/sdk/node_modules/@rollup/rollup-linux-riscv64-gnu
36 silly reify mark deleted [
36 silly reify   '/Users/marcelojimenezrocabado/mcpjam-inspector/sdk/node_modules/@rollup/rollup-linux-riscv64-gnu'
36 silly reify ]
37 verbose reify failed optional dependency /Users/marcelojimenezrocabado/mcpjam-inspector/sdk/node_modules/@rollup/rollup-linux-ppc64-gnu
38 silly reify mark deleted [
38 silly reify   '/Users/marcelojimenezrocabado/mcpjam-inspector/sdk/node_modules/@rollup/rollup-linux-ppc64-gnu'
38 silly reify ]
39 verbose reify failed optional dependency /Users/marcelojimenezrocabado/mcpjam-inspector/sdk/node_modules/@rollup/rollup-linux-loong64-gnu
40 silly reify mark deleted [
40 silly reify   '/Users/marcelojimenezrocabado/mcpjam-inspector/sdk/node_modules/@rollup/rollup-linux-loong64-gnu'
40 silly reify ]
41 verbose reify failed optional dependency /Users/marcelojimenezrocabado/mcpjam-inspector/sdk/node_modules/@rollup/rollup-linux-arm64-musl
42 silly reify mark deleted [
42 silly reify   '/Users/marcelojimenezrocabado/mcpjam-inspector/sdk/node_modules/@rollup/rollup-linux-arm64-musl'
42 silly reify ]
43 verbose reify failed optional dependency /Users/marcelojimenezrocabado/mcpjam-inspector/sdk/node_modules/@rollup/rollup-linux-arm64-gnu
44 silly reify mark deleted [
44 silly reify   '/Users/marcelojimenezrocabado/mcpjam-inspector/sdk/node_modules/@rollup/rollup-linux-arm64-gnu'
44 silly reify ]
45 verbose reify failed optional dependency /Users/marcelojimenezrocabado/mcpjam-inspector/sdk/node_modules/@rollup/rollup-linux-arm-musleabihf
46 silly reify mark deleted [
46 silly reify   '/Users/marcelojimenezrocabado/mcpjam-inspector/sdk/node_modules/@rollup/rollup-linux-arm-musleabihf'
46 silly reify ]
47 verbose reify failed optional dependency /Users/marcelojimenezrocabado/mcpjam-inspector/sdk/node_modules/@rollup/rollup-linux-arm-gnueabihf
48 silly reify mark deleted [
48 silly reify   '/Users/marcelojimenezrocabado/mcpjam-inspector/sdk/node_modules/@rollup/rollup-linux-arm-gnueabihf'
48 silly reify ]
49 verbose reify failed optional dependency /Users/marcelojimenezrocabado/mcpjam-inspector/sdk/node_modules/@rollup/rollup-freebsd-x64
50 silly reify mark deleted [
50 silly reify   '/Users/marcelojimenezrocabado/mcpjam-inspector/sdk/node_modules/@rollup/rollup-freebsd-x64'
50 silly reify ]
51 verbose reify failed optional dependency /Users/marcelojimenezrocabado/mcpjam-inspector/sdk/node_modules/@rollup/rollup-freebsd-arm64
52 silly reify mark deleted [
52 silly reify   '/Users/marcelojimenezrocabado/mcpjam-inspector/sdk/node_modules/@rollup/rollup-freebsd-arm64'
52 silly reify ]
53 verbose reify failed optional dependency /Users/marcelojimenezrocabado/mcpjam-inspector/sdk/node_modules/@rollup/rollup-darwin-x64
54 silly reify mark deleted [
54 silly reify   '/Users/marcelojimenezrocabado/mcpjam-inspector/sdk/node_modules/@rollup/rollup-darwin-x64'
54 silly reify ]
55 verbose reify failed optional dependency /Users/marcelojimenezrocabado/mcpjam-inspector/sdk/node_modules/@rollup/rollup-android-arm64
56 silly reify mark deleted [
56 silly reify   '/Users/marcelojimenezrocabado/mcpjam-inspector/sdk/node_modules/@rollup/rollup-android-arm64'
56 silly reify ]
57 verbose reify failed optional dependency /Users/marcelojimenezrocabado/mcpjam-inspector/sdk/node_modules/@rollup/rollup-android-arm-eabi
58 silly reify mark deleted [
58 silly reify   '/Users/marcelojimenezrocabado/mcpjam-inspector/sdk/node_modules/@rollup/rollup-android-arm-eabi'
58 silly reify ]
59 verbose reify failed optional dependency /Users/marcelojimenezrocabado/mcpjam-inspector/sdk/node_modules/@esbuild/win32-x64
60 silly reify mark deleted [
60 silly reify   '/Users/marcelojimenezrocabado/mcpjam-inspector/sdk/node_modules/@esbuild/win32-x64'
60 silly reify ]
61 verbose reify failed optional dependency /Users/marcelojimenezrocabado/mcpjam-inspector/sdk/node_modules/@esbuild/win32-ia32
62 silly reify mark deleted [
62 silly reify   '/Users/marcelojimenezrocabado/mcpjam-inspector/sdk/node_modules/@esbuild/win32-ia32'
62 silly reify ]
63 verbose reify failed optional dependency /Users/marcelojimenezrocabado/mcpjam-inspector/sdk/node_modules/@esbuild/win32-arm64
64 silly reify mark deleted [
64 silly reify   '/Users/marcelojimenezrocabado/mcpjam-inspector/sdk/node_modules/@esbuild/win32-arm64'
64 silly reify ]
65 verbose reify failed optional dependency /Users/marcelojimenezrocabado/mcpjam-inspector/sdk/node_modules/@esbuild/sunos-x64
66 silly reify mark deleted [
66 silly reify   '/Users/marcelojimenezrocabado/mcpjam-inspector/sdk/node_modules/@esbuild/sunos-x64'
66 silly reify ]
67 verbose reify failed optional dependency /Users/marcelojimenezrocabado/mcpjam-inspector/sdk/node_modules/@esbuild/openharmony-arm64
68 silly reify mark deleted [
68 silly reify   '/Users/marcelojimenezrocabado/mcpjam-inspector/sdk/node_modules/@esbuild/openharmony-arm64'
68 silly reify ]
69 verbose reify failed optional dependency /Users/marcelojimenezrocabado/mcpjam-inspector/sdk/node_modules/@esbuild/openbsd-x64
70 silly reify mark deleted [
70 silly reify   '/Users/marcelojimenezrocabado/mcpjam-inspector/sdk/node_modules/@esbuild/openbsd-x64'
70 silly reify ]
71 verbose reify failed optional dependency /Users/marcelojimenezrocabado/mcpjam-inspector/sdk/node_modules/@esbuild/openbsd-arm64
72 silly reify mark deleted [
72 silly reify   '/Users/marcelojimenezrocabado/mcpjam-inspector/sdk/node_modules/@esbuild/openbsd-arm64'
72 silly reify ]
73 verbose reify failed optional dependency /Users/marcelojimenezrocabado/mcpjam-inspector/sdk/node_modules/@esbuild/netbsd-x64
74 silly reify mark deleted [
74 silly reify   '/Users/marcelojimenezrocabado/mcpjam-inspector/sdk/node_modules/@esbuild/netbsd-x64'
74 silly reify ]
75 verbose reify failed optional dependency /Users/marcelojimenezrocabado/mcpjam-inspector/sdk/node_modules/@esbuild/netbsd-arm64
76 silly reify mark deleted [
76 silly reify   '/Users/marcelojimenezrocabado/mcpjam-inspector/sdk/node_modules/@esbuild/netbsd-arm64'
76 silly reify ]
77 verbose reify failed optional dependency /Users/marcelojimenezrocabado/mcpjam-inspector/sdk/node_modules/@esbuild/linux-x64
78 silly reify mark deleted [
78 silly reify   '/Users/marcelojimenezrocabado/mcpjam-inspector/sdk/node_modules/@esbuild/linux-x64'
78 silly reify ]
79 verbose reify failed optional dependency /Users/marcelojimenezrocabado/mcpjam-inspector/sdk/node_modules/@esbuild/linux-s390x
80 silly reify mark deleted [
80 silly reify   '/Users/marcelojimenezrocabado/mcpjam-inspector/sdk/node_modules/@esbuild/linux-s390x'
80 silly reify ]
81 verbose reify failed optional dependency /Users/marcelojimenezrocabado/mcpjam-inspector/sdk/node_modules/@esbuild/linux-riscv64
82 silly reify mark deleted [
82 silly reify   '/Users/marcelojimenezrocabado/mcpjam-inspector/sdk/node_modules/@esbuild/linux-riscv64'
82 silly reify ]
83 verbose reify failed optional dependency /Users/marcelojimenezrocabado/mcpjam-inspector/sdk/node_modules/@esbuild/linux-ppc64
84 silly reify mark deleted [
84 silly reify   '/Users/marcelojimenezrocabado/mcpjam-inspector/sdk/node_modules/@esbuild/linux-ppc64'
84 silly reify ]
85 verbose reify failed optional dependency /Users/marcelojimenezrocabado/mcpjam-inspector/sdk/node_modules/@esbuild/linux-mips64el
86 silly reify mark deleted [
86 silly reify   '/Users/marcelojimenezrocabado/mcpjam-inspector/sdk/node_modules/@esbuild/linux-mips64el'
86 silly reify ]
87 verbose reify failed optional dependency /Users/marcelojimenezrocabado/mcpjam-inspector/sdk/node_modules/@esbuild/linux-loong64
88 silly reify mark deleted [
88 silly reify   '/Users/marcelojimenezrocabado/mcpjam-inspector/sdk/node_modules/@esbuild/linux-loong64'
88 silly reify ]
89 verbose reify failed optional dependency /Users/marcelojimenezrocabado/mcpjam-inspector/sdk/node_modules/@esbuild/linux-ia32
90 silly reify mark deleted [
90 silly reify   '/Users/marcelojimenezrocabado/mcpjam-inspector/sdk/node_modules/@esbuild/linux-ia32'
90 silly reify ]
91 verbose reify failed optional dependency /Users/marcelojimenezrocabado/mcpjam-inspector/sdk/node_modules/@esbuild/linux-arm64
92 silly reify mark deleted [
92 silly reify   '/Users/marcelojimenezrocabado/mcpjam-inspector/sdk/node_modules/@esbuild/linux-arm64'
92 silly reify ]
93 verbose reify failed optional dependency /Users/marcelojimenezrocabado/mcpjam-inspector/sdk/node_modules/@esbuild/linux-arm
94 silly reify mark deleted [
94 silly reify   '/Users/marcelojimenezrocabado/mcpjam-inspector/sdk/node_modules/@esbuild/linux-arm'
94 silly reify ]
95 verbose reify failed optional dependency /Users/marcelojimenezrocabado/mcpjam-inspector/sdk/node_modules/@esbuild/freebsd-x64
96 silly reify mark deleted [
96 silly reify   '/Users/marcelojimenezrocabado/mcpjam-inspector/sdk/node_modules/@esbuild/freebsd-x64'
96 silly reify ]
97 verbose reify failed optional dependency /Users/marcelojimenezrocabado/mcpjam-inspector/sdk/node_modules/@esbuild/freebsd-arm64
98 silly reify mark deleted [
98 silly reify   '/Users/marcelojimenezrocabado/mcpjam-inspector/sdk/node_modules/@esbuild/freebsd-arm64'
98 silly reify ]
99 verbose reify failed optional dependency /Users/marcelojimenezrocabado/mcpjam-inspector/sdk/node_modules/@esbuild/darwin-x64
100 silly reify mark deleted [
100 silly reify   '/Users/marcelojimenezrocabado/mcpjam-inspector/sdk/node_modules/@esbuild/darwin-x64'
100 silly reify ]
101 verbose reify failed optional dependency /Users/marcelojimenezrocabado/mcpjam-inspector/sdk/node_modules/@esbuild/android-x64
102 silly reify mark deleted [
102 silly reify   '/Users/marcelojimenezrocabado/mcpjam-inspector/sdk/node_modules/@esbuild/android-x64'
102 silly reify ]
103 verbose reify failed optional dependency /Users/marcelojimenezrocabado/mcpjam-inspector/sdk/node_modules/@esbuild/android-arm64
104 silly reify mark deleted [
104 silly reify   '/Users/marcelojimenezrocabado/mcpjam-inspector/sdk/node_modules/@esbuild/android-arm64'
104 silly reify ]
105 verbose reify failed optional dependency /Users/marcelojimenezrocabado/mcpjam-inspector/sdk/node_modules/@esbuild/android-arm
106 silly reify mark deleted [
106 silly reify   '/Users/marcelojimenezrocabado/mcpjam-inspector/sdk/node_modules/@esbuild/android-arm'
106 silly reify ]
107 verbose reify failed optional dependency /Users/marcelojimenezrocabado/mcpjam-inspector/sdk/node_modules/@esbuild/aix-ppc64
108 silly reify mark deleted [
108 silly reify   '/Users/marcelojimenezrocabado/mcpjam-inspector/sdk/node_modules/@esbuild/aix-ppc64'
108 silly reify ]
109 http cache zod-to-json-schema@https://registry.npmjs.org/zod-to-json-schema/-/zod-to-json-schema-3.24.6.tgz 0ms (cache hit)
110 http cache wrap-ansi-cjs@https://registry.npmjs.org/wrap-ansi/-/wrap-ansi-7.0.0.tgz 0ms (cache hit)
111 http cache wrap-ansi@https://registry.npmjs.org/wrap-ansi/-/wrap-ansi-8.1.0.tgz 0ms (cache hit)
112 http cache which@https://registry.npmjs.org/which/-/which-2.0.2.tgz 0ms (cache hit)
113 http cache wrappy@https://registry.npmjs.org/wrappy/-/wrappy-1.0.2.tgz 0ms (cache hit)
114 http cache zod@https://registry.npmjs.org/zod/-/zod-3.25.76.tgz 0ms (cache hit)
115 http cache webidl-conversions@https://registry.npmjs.org/webidl-conversions/-/webidl-conversions-4.0.2.tgz 0ms (cache hit)
116 http cache uri-js@https://registry.npmjs.org/uri-js/-/uri-js-4.4.1.tgz 0ms (cache hit)
117 http cache whatwg-url@https://registry.npmjs.org/whatwg-url/-/whatwg-url-7.1.0.tgz 0ms (cache hit)
118 http cache vary@https://registry.npmjs.org/vary/-/vary-1.1.2.tgz 0ms (cache hit)
119 http cache unpipe@https://registry.npmjs.org/unpipe/-/unpipe-1.0.0.tgz 0ms (cache hit)
120 http cache ufo@https://registry.npmjs.org/ufo/-/ufo-1.6.1.tgz 0ms (cache hit)
121 http cache type-is@https://registry.npmjs.org/type-is/-/type-is-2.0.1.tgz 0ms (cache hit)
122 http cache typescript@https://registry.npmjs.org/typescript/-/typescript-5.9.3.tgz 0ms (cache hit)
123 http cache tsup@https://registry.npmjs.org/tsup/-/tsup-8.5.0.tgz 0ms (cache hit)
124 http cache ts-interface-checker@https://registry.npmjs.org/ts-interface-checker/-/ts-interface-checker-0.1.13.tgz 0ms (cache hit)
125 http cache tree-kill@https://registry.npmjs.org/tree-kill/-/tree-kill-1.2.2.tgz 0ms (cache hit)
126 http cache toidentifier@https://registry.npmjs.org/toidentifier/-/toidentifier-1.0.1.tgz 0ms (cache hit)
127 http cache tr46@https://registry.npmjs.org/tr46/-/tr46-1.0.1.tgz 0ms (cache hit)
128 http cache tinyexec@https://registry.npmjs.org/tinyexec/-/tinyexec-0.3.2.tgz 0ms (cache hit)
129 http cache thenify-all@https://registry.npmjs.org/thenify-all/-/thenify-all-1.6.0.tgz 0ms (cache hit)
130 http cache thenify@https://registry.npmjs.org/thenify/-/thenify-3.3.1.tgz 0ms (cache hit)
131 http cache strip-ansi-cjs@https://registry.npmjs.org/strip-ansi/-/strip-ansi-6.0.1.tgz 0ms (cache hit)
132 http cache tinyglobby@https://registry.npmjs.org/tinyglobby/-/tinyglobby-0.2.15.tgz 0ms (cache hit)
133 http cache strip-ansi@https://registry.npmjs.org/strip-ansi/-/strip-ansi-7.1.2.tgz 0ms (cache hit)
134 http cache string-width-cjs@https://registry.npmjs.org/string-width/-/string-width-4.2.3.tgz 0ms (cache hit)
135 http cache sucrase@https://registry.npmjs.org/sucrase/-/sucrase-3.35.0.tgz 0ms (cache hit)
136 http cache statuses@https://registry.npmjs.org/statuses/-/statuses-2.0.2.tgz 0ms (cache hit)
137 http cache source-map@https://registry.npmjs.org/source-map/-/source-map-0.8.0-beta.0.tgz 0ms (cache hit)
138 http cache side-channel-weakmap@https://registry.npmjs.org/side-channel-weakmap/-/side-channel-weakmap-1.0.2.tgz 0ms (cache hit)
139 http cache string-width@https://registry.npmjs.org/string-width/-/string-width-5.1.2.tgz 0ms (cache hit)
140 http cache signal-exit@https://registry.npmjs.org/signal-exit/-/signal-exit-4.1.0.tgz 0ms (cache hit)
141 http cache side-channel-map@https://registry.npmjs.org/side-channel-map/-/side-channel-map-1.0.1.tgz 0ms (cache hit)
142 http cache side-channel-list@https://registry.npmjs.org/side-channel-list/-/side-channel-list-1.0.0.tgz 0ms (cache hit)
143 http cache shebang-regex@https://registry.npmjs.org/shebang-regex/-/shebang-regex-3.0.0.tgz 0ms (cache hit)
144 http cache side-channel@https://registry.npmjs.org/side-channel/-/side-channel-1.1.0.tgz 0ms (cache hit)
145 http cache setprototypeof@https://registry.npmjs.org/setprototypeof/-/setprototypeof-1.2.0.tgz 0ms (cache hit)
146 http cache serve-static@https://registry.npmjs.org/serve-static/-/serve-static-2.2.0.tgz 0ms (cache hit)
147 http cache send@https://registry.npmjs.org/send/-/send-1.2.0.tgz 0ms (cache hit)
148 http cache safer-buffer@https://registry.npmjs.org/safer-buffer/-/safer-buffer-2.1.2.tgz 0ms (cache hit)
149 http cache shebang-command@https://registry.npmjs.org/shebang-command/-/shebang-command-2.0.0.tgz 0ms (cache hit)
150 http cache safe-buffer@https://registry.npmjs.org/safe-buffer/-/safe-buffer-5.2.1.tgz 0ms (cache hit)
151 http cache router@https://registry.npmjs.org/router/-/router-2.2.0.tgz 0ms (cache hit)
152 http cache rollup@https://registry.npmjs.org/rollup/-/rollup-4.52.4.tgz 0ms (cache hit)
153 http cache resolve-from@https://registry.npmjs.org/resolve-from/-/resolve-from-5.0.0.tgz 0ms (cache hit)
154 http cache readdirp@https://registry.npmjs.org/readdirp/-/readdirp-4.1.2.tgz 0ms (cache hit)
155 http cache range-parser@https://registry.npmjs.org/range-parser/-/range-parser-1.2.1.tgz 0ms (cache hit)
156 http cache qs@https://registry.npmjs.org/qs/-/qs-6.14.0.tgz 0ms (cache hit)
157 http cache raw-body@https://registry.npmjs.org/raw-body/-/raw-body-3.0.1.tgz 0ms (cache hit)
158 http cache punycode@https://registry.npmjs.org/punycode/-/punycode-2.3.1.tgz 0ms (cache hit)
159 http cache postcss-load-config@https://registry.npmjs.org/postcss-load-config/-/postcss-load-config-6.0.1.tgz 0ms (cache hit)
160 http cache pkg-types@https://registry.npmjs.org/pkg-types/-/pkg-types-1.3.1.tgz 0ms (cache hit)
161 http cache proxy-addr@https://registry.npmjs.org/proxy-addr/-/proxy-addr-2.0.7.tgz 0ms (cache hit)
162 http cache pkce-challenge@https://registry.npmjs.org/pkce-challenge/-/pkce-challenge-5.0.0.tgz 0ms (cache hit)
163 http cache picocolors@https://registry.npmjs.org/picocolors/-/picocolors-1.1.1.tgz 0ms (cache hit)
164 http cache picomatch@https://registry.npmjs.org/picomatch/-/picomatch-4.0.3.tgz 0ms (cache hit)
165 http cache path-to-regexp@https://registry.npmjs.org/path-to-regexp/-/path-to-regexp-8.3.0.tgz 0ms (cache hit)
166 http cache path-scurry@https://registry.npmjs.org/path-scurry/-/path-scurry-1.11.1.tgz 0ms (cache hit)
167 http cache pathe@https://registry.npmjs.org/pathe/-/pathe-2.0.3.tgz 0ms (cache hit)
168 http cache pirates@https://registry.npmjs.org/pirates/-/pirates-4.0.7.tgz 0ms (cache hit)
169 http cache package-json-from-dist@https://registry.npmjs.org/package-json-from-dist/-/package-json-from-dist-1.0.1.tgz 0ms (cache hit)
170 http cache path-key@https://registry.npmjs.org/path-key/-/path-key-3.1.1.tgz 0ms (cache hit)
171 http cache once@https://registry.npmjs.org/once/-/once-1.4.0.tgz 0ms (cache hit)
172 http cache on-finished@https://registry.npmjs.org/on-finished/-/on-finished-2.4.1.tgz 0ms (cache hit)
173 http cache parseurl@https://registry.npmjs.org/parseurl/-/parseurl-1.3.3.tgz 0ms (cache hit)
174 http cache object-inspect@https://registry.npmjs.org/object-inspect/-/object-inspect-1.13.4.tgz 0ms (cache hit)
175 http cache ms@https://registry.npmjs.org/ms/-/ms-2.1.3.tgz 0ms (cache hit)
176 http cache object-assign@https://registry.npmjs.org/object-assign/-/object-assign-4.1.1.tgz 0ms (cache hit)
177 http cache mlly@https://registry.npmjs.org/mlly/-/mlly-1.8.0.tgz 0ms (cache hit)
178 http cache negotiator@https://registry.npmjs.org/negotiator/-/negotiator-1.0.0.tgz 0ms (cache hit)
179 http cache mz@https://registry.npmjs.org/mz/-/mz-2.7.0.tgz 0ms (cache hit)
180 http cache minipass@https://registry.npmjs.org/minipass/-/minipass-7.1.2.tgz 0ms (cache hit)
181 http cache mime-db@https://registry.npmjs.org/mime-db/-/mime-db-1.54.0.tgz 0ms (cache hit)
182 http cache mime-types@https://registry.npmjs.org/mime-types/-/mime-types-3.0.1.tgz 0ms (cache hit)
183 http cache merge-descriptors@https://registry.npmjs.org/merge-descriptors/-/merge-descriptors-2.0.0.tgz 0ms (cache hit)
184 http cache media-typer@https://registry.npmjs.org/media-typer/-/media-typer-1.1.0.tgz 0ms (cache hit)
185 http cache math-intrinsics@https://registry.npmjs.org/math-intrinsics/-/math-intrinsics-1.1.0.tgz 0ms (cache hit)
186 http cache lru-cache@https://registry.npmjs.org/lru-cache/-/lru-cache-10.4.3.tgz 0ms (cache hit)
187 http cache minimatch@https://registry.npmjs.org/minimatch/-/minimatch-9.0.5.tgz 0ms (cache hit)
188 http cache magic-string@https://registry.npmjs.org/magic-string/-/magic-string-0.30.19.tgz 0ms (cache hit)
189 http cache lodash.sortby@https://registry.npmjs.org/lodash.sortby/-/lodash.sortby-4.7.0.tgz 0ms (cache hit)
190 http cache lilconfig@https://registry.npmjs.org/lilconfig/-/lilconfig-3.1.3.tgz 0ms (cache hit)
191 http cache load-tsconfig@https://registry.npmjs.org/load-tsconfig/-/load-tsconfig-0.2.5.tgz 0ms (cache hit)
192 http cache lines-and-columns@https://registry.npmjs.org/lines-and-columns/-/lines-and-columns-1.2.4.tgz 0ms (cache hit)
193 http cache json-schema-traverse@https://registry.npmjs.org/json-schema-traverse/-/json-schema-traverse-0.4.1.tgz 0ms (cache hit)
194 http cache jackspeak@https://registry.npmjs.org/jackspeak/-/jackspeak-3.4.3.tgz 0ms (cache hit)
195 http cache joycon@https://registry.npmjs.org/joycon/-/joycon-3.1.1.tgz 0ms (cache hit)
196 http cache is-promise@https://registry.npmjs.org/is-promise/-/is-promise-4.0.0.tgz 0ms (cache hit)
197 http cache is-fullwidth-code-point@https://registry.npmjs.org/is-fullwidth-code-point/-/is-fullwidth-code-point-3.0.0.tgz 0ms (cache hit)
198 http cache isexe@https://registry.npmjs.org/isexe/-/isexe-2.0.0.tgz 0ms (cache hit)
199 http cache iconv-lite@https://registry.npmjs.org/iconv-lite/-/iconv-lite-0.6.3.tgz 0ms (cache hit)
200 http cache inherits@https://registry.npmjs.org/inherits/-/inherits-2.0.4.tgz 0ms (cache hit)
201 http cache http-errors@https://registry.npmjs.org/http-errors/-/http-errors-2.0.0.tgz 0ms (cache hit)
202 http cache ipaddr.js@https://registry.npmjs.org/ipaddr.js/-/ipaddr.js-1.9.1.tgz 0ms (cache hit)
203 http cache has-symbols@https://registry.npmjs.org/has-symbols/-/has-symbols-1.1.0.tgz 0ms (cache hit)
204 http cache gopd@https://registry.npmjs.org/gopd/-/gopd-1.2.0.tgz 0ms (cache hit)
205 http cache get-proto@https://registry.npmjs.org/get-proto/-/get-proto-1.0.1.tgz 0ms (cache hit)
206 http cache hasown@https://registry.npmjs.org/hasown/-/hasown-2.0.2.tgz 0ms (cache hit)
207 http cache glob@https://registry.npmjs.org/glob/-/glob-10.4.5.tgz 0ms (cache hit)
208 http cache get-intrinsic@https://registry.npmjs.org/get-intrinsic/-/get-intrinsic-1.3.0.tgz 0ms (cache hit)
209 http cache fsevents@https://registry.npmjs.org/fsevents/-/fsevents-2.3.3.tgz 0ms (cache hit)
210 http cache fresh@https://registry.npmjs.org/fresh/-/fresh-2.0.0.tgz 0ms (cache hit)
211 http cache forwarded@https://registry.npmjs.org/forwarded/-/forwarded-0.2.0.tgz 0ms (cache hit)
212 http cache finalhandler@https://registry.npmjs.org/finalhandler/-/finalhandler-2.1.0.tgz 0ms (cache hit)
213 http cache function-bind@https://registry.npmjs.org/function-bind/-/function-bind-1.1.2.tgz 0ms (cache hit)
214 http cache foreground-child@https://registry.npmjs.org/foreground-child/-/foreground-child-3.3.1.tgz 0ms (cache hit)
215 http cache fix-dts-default-cjs-exports@https://registry.npmjs.org/fix-dts-default-cjs-exports/-/fix-dts-default-cjs-exports-1.0.1.tgz 0ms (cache hit)
216 http cache express-rate-limit@https://registry.npmjs.org/express-rate-limit/-/express-rate-limit-7.5.1.tgz 0ms (cache hit)
217 http cache fast-json-stable-stringify@https://registry.npmjs.org/fast-json-stable-stringify/-/fast-json-stable-stringify-2.1.0.tgz 0ms (cache hit)
218 http cache fast-deep-equal@https://registry.npmjs.org/fast-deep-equal/-/fast-deep-equal-3.1.3.tgz 0ms (cache hit)
219 http cache express@https://registry.npmjs.org/express/-/express-5.1.0.tgz 0ms (cache hit)
220 http cache eventsource@https://registry.npmjs.org/eventsource/-/eventsource-3.0.7.tgz 0ms (cache hit)
221 http cache fdir@https://registry.npmjs.org/fdir/-/fdir-6.5.0.tgz 0ms (cache hit)
222 http cache etag@https://registry.npmjs.org/etag/-/etag-1.8.1.tgz 0ms (cache hit)
223 http cache esbuild@https://registry.npmjs.org/esbuild/-/esbuild-0.25.10.tgz 0ms (cache hit)
224 http cache es-object-atoms@https://registry.npmjs.org/es-object-atoms/-/es-object-atoms-1.1.1.tgz 0ms (cache hit)
225 http cache eventsource-parser@https://registry.npmjs.org/eventsource-parser/-/eventsource-parser-3.0.6.tgz 0ms (cache hit)
226 http cache es-errors@https://registry.npmjs.org/es-errors/-/es-errors-1.3.0.tgz 0ms (cache hit)
227 http cache escape-html@https://registry.npmjs.org/escape-html/-/escape-html-1.0.3.tgz 0ms (cache hit)
228 http cache encodeurl@https://registry.npmjs.org/encodeurl/-/encodeurl-2.0.0.tgz 0ms (cache hit)
229 http cache emoji-regex@https://registry.npmjs.org/emoji-regex/-/emoji-regex-9.2.2.tgz 0ms (cache hit)
230 http cache ee-first@https://registry.npmjs.org/ee-first/-/ee-first-1.1.1.tgz 0ms (cache hit)
231 http cache dunder-proto@https://registry.npmjs.org/dunder-proto/-/dunder-proto-1.0.1.tgz 0ms (cache hit)
232 http cache es-define-property@https://registry.npmjs.org/es-define-property/-/es-define-property-1.0.1.tgz 0ms (cache hit)
233 http cache depd@https://registry.npmjs.org/depd/-/depd-2.0.0.tgz 0ms (cache hit)
234 http cache eastasianwidth@https://registry.npmjs.org/eastasianwidth/-/eastasianwidth-0.2.0.tgz 0ms (cache hit)
235 http cache debug@https://registry.npmjs.org/debug/-/debug-4.4.3.tgz 0ms (cache hit)
236 http cache cross-spawn@https://registry.npmjs.org/cross-spawn/-/cross-spawn-7.0.6.tgz 0ms (cache hit)
237 http cache consola@https://registry.npmjs.org/consola/-/consola-3.4.2.tgz 0ms (cache hit)
238 http cache cors@https://registry.npmjs.org/cors/-/cors-2.8.5.tgz 0ms (cache hit)
239 http cache content-disposition@https://registry.npmjs.org/content-disposition/-/content-disposition-1.0.0.tgz 0ms (cache hit)
240 http cache content-type@https://registry.npmjs.org/content-type/-/content-type-1.0.5.tgz 0ms (cache hit)
241 http cache cookie@https://registry.npmjs.org/cookie/-/cookie-0.7.2.tgz 0ms (cache hit)
242 http cache color-name@https://registry.npmjs.org/color-name/-/color-name-1.1.4.tgz 0ms (cache hit)
243 http cache commander@https://registry.npmjs.org/commander/-/commander-4.1.1.tgz 0ms (cache hit)
244 http cache color-convert@https://registry.npmjs.org/color-convert/-/color-convert-2.0.1.tgz 0ms (cache hit)
245 http cache cac@https://registry.npmjs.org/cac/-/cac-6.7.14.tgz 0ms (cache hit)
246 http cache chokidar@https://registry.npmjs.org/chokidar/-/chokidar-4.0.3.tgz 0ms (cache hit)
247 http cache call-bound@https://registry.npmjs.org/call-bound/-/call-bound-1.0.4.tgz 0ms (cache hit)
248 http cache confbox@https://registry.npmjs.org/confbox/-/confbox-0.1.8.tgz 0ms (cache hit)
249 http cache call-bind-apply-helpers@https://registry.npmjs.org/call-bind-apply-helpers/-/call-bind-apply-helpers-1.0.2.tgz 0ms (cache hit)
250 http cache bytes@https://registry.npmjs.org/bytes/-/bytes-3.1.2.tgz 0ms (cache hit)
251 http cache body-parser@https://registry.npmjs.org/body-parser/-/body-parser-2.2.0.tgz 0ms (cache hit)
252 http cache brace-expansion@https://registry.npmjs.org/brace-expansion/-/brace-expansion-2.0.2.tgz 0ms (cache hit)
253 http cache ansi-styles@https://registry.npmjs.org/ansi-styles/-/ansi-styles-6.2.3.tgz 0ms (cache hit)
254 http cache balanced-match@https://registry.npmjs.org/balanced-match/-/balanced-match-1.0.2.tgz 0ms (cache hit)
255 http cache ajv@https://registry.npmjs.org/ajv/-/ajv-6.12.6.tgz 0ms (cache hit)
256 http cache bundle-require@https://registry.npmjs.org/bundle-require/-/bundle-require-5.1.0.tgz 0ms (cache hit)
257 http cache @types/estree@https://registry.npmjs.org/@types/estree/-/estree-1.0.8.tgz 0ms (cache hit)
258 http cache ansi-regex@https://registry.npmjs.org/ansi-regex/-/ansi-regex-6.2.2.tgz 0ms (cache hit)
259 http cache acorn@https://registry.npmjs.org/acorn/-/acorn-8.15.0.tgz 0ms (cache hit)
260 http cache accepts@https://registry.npmjs.org/accepts/-/accepts-2.0.0.tgz 0ms (cache hit)
261 http cache any-promise@https://registry.npmjs.org/any-promise/-/any-promise-1.3.0.tgz 0ms (cache hit)
262 http cache cookie-signature@https://registry.npmjs.org/cookie-signature/-/cookie-signature-1.2.2.tgz 0ms (cache hit)
263 http cache @pkgjs/parseargs@https://registry.npmjs.org/@pkgjs/parseargs/-/parseargs-0.11.0.tgz 0ms (cache hit)
264 http cache @modelcontextprotocol/sdk@https://registry.npmjs.org/@modelcontextprotocol/sdk/-/sdk-1.20.0.tgz 0ms (cache hit)
265 http cache @jridgewell/sourcemap-codec@https://registry.npmjs.org/@jridgewell/sourcemap-codec/-/sourcemap-codec-1.5.5.tgz 0ms (cache hit)
266 http cache @jridgewell/resolve-uri@https://registry.npmjs.org/@jridgewell/resolve-uri/-/resolve-uri-3.1.2.tgz 0ms (cache hit)
267 http cache @jridgewell/trace-mapping@https://registry.npmjs.org/@jridgewell/trace-mapping/-/trace-mapping-0.3.31.tgz 0ms (cache hit)
268 http cache @rollup/rollup-darwin-arm64@https://registry.npmjs.org/@rollup/rollup-darwin-arm64/-/rollup-darwin-arm64-4.52.4.tgz 0ms (cache hit)
269 http cache @jridgewell/gen-mapping@https://registry.npmjs.org/@jridgewell/gen-mapping/-/gen-mapping-0.3.13.tgz 0ms (cache hit)
270 http cache string-width@https://registry.npmjs.org/string-width/-/string-width-4.2.3.tgz 0ms (cache hit)
271 http cache @isaacs/cliui@https://registry.npmjs.org/@isaacs/cliui/-/cliui-8.0.2.tgz 0ms (cache hit)
272 http cache @esbuild/darwin-arm64@https://registry.npmjs.org/@esbuild/darwin-arm64/-/darwin-arm64-0.25.10.tgz 0ms (cache hit)
273 http cache strip-ansi@https://registry.npmjs.org/strip-ansi/-/strip-ansi-6.0.1.tgz 0ms (cache hit)
274 http cache strip-ansi@https://registry.npmjs.org/strip-ansi/-/strip-ansi-6.0.1.tgz 0ms (cache hit)
275 http cache ansi-regex@https://registry.npmjs.org/ansi-regex/-/ansi-regex-5.0.1.tgz 0ms (cache hit)
276 http cache ansi-styles@https://registry.npmjs.org/ansi-styles/-/ansi-styles-4.3.0.tgz 0ms (cache hit)
277 http cache ansi-regex@https://registry.npmjs.org/ansi-regex/-/ansi-regex-5.0.1.tgz 0ms (cache hit)
278 http cache emoji-regex@https://registry.npmjs.org/emoji-regex/-/emoji-regex-8.0.0.tgz 0ms (cache hit)
279 http cache statuses@https://registry.npmjs.org/statuses/-/statuses-2.0.1.tgz 0ms (cache hit)
280 http cache iconv-lite@https://registry.npmjs.org/iconv-lite/-/iconv-lite-0.7.0.tgz 0ms (cache hit)
281 http cache ansi-regex@https://registry.npmjs.org/ansi-regex/-/ansi-regex-5.0.1.tgz 0ms (cache hit)
282 http cache emoji-regex@https://registry.npmjs.org/emoji-regex/-/emoji-regex-8.0.0.tgz 0ms (cache hit)
283 warn deprecated source-map@0.8.0-beta.0: The work that was done in this beta branch won't be included in future versions
284 info run esbuild@0.25.10 postinstall node_modules/esbuild node install.js
285 http fetch POST 200 https://registry.npmjs.org/-/npm/v1/security/advisories/bulk 619ms
286 silly audit report {}
287 info run esbuild@0.25.10 postinstall { code: 0, signal: null }
288 silly ADD node_modules/zod-to-json-schema
289 silly ADD node_modules/zod
290 silly ADD node_modules/wrappy
291 silly ADD node_modules/wrap-ansi-cjs
292 silly ADD node_modules/wrap-ansi-cjs/node_modules/strip-ansi
293 silly ADD node_modules/wrap-ansi-cjs/node_modules/string-width
294 silly ADD node_modules/wrap-ansi-cjs/node_modules/emoji-regex
295 silly ADD node_modules/wrap-ansi-cjs/node_modules/ansi-styles
296 silly ADD node_modules/wrap-ansi-cjs/node_modules/ansi-regex
297 silly ADD node_modules/wrap-ansi
298 silly ADD node_modules/which
299 silly ADD node_modules/whatwg-url
300 silly ADD node_modules/webidl-conversions
301 silly ADD node_modules/vary
302 silly ADD node_modules/uri-js
303 silly ADD node_modules/unpipe
304 silly ADD node_modules/ufo
305 silly ADD node_modules/typescript
306 silly ADD node_modules/type-is
307 silly ADD node_modules/tsup
308 silly ADD node_modules/ts-interface-checker
309 silly ADD node_modules/tree-kill
310 silly ADD node_modules/tr46
311 silly ADD node_modules/toidentifier
312 silly ADD node_modules/tinyglobby
313 silly ADD node_modules/tinyexec
314 silly ADD node_modules/thenify-all
315 silly ADD node_modules/thenify
316 silly ADD node_modules/sucrase
317 silly ADD node_modules/strip-ansi-cjs
318 silly ADD node_modules/strip-ansi-cjs/node_modules/ansi-regex
319 silly ADD node_modules/strip-ansi
320 silly ADD node_modules/string-width-cjs
321 silly ADD node_modules/string-width-cjs/node_modules/strip-ansi
322 silly ADD node_modules/string-width-cjs/node_modules/emoji-regex
323 silly ADD node_modules/string-width-cjs/node_modules/ansi-regex
324 silly ADD node_modules/string-width
325 silly ADD node_modules/statuses
326 silly ADD node_modules/source-map
327 silly ADD node_modules/signal-exit
328 silly ADD node_modules/side-channel-weakmap
329 silly ADD node_modules/side-channel-map
330 silly ADD node_modules/side-channel-list
331 silly ADD node_modules/side-channel
332 silly ADD node_modules/shebang-regex
333 silly ADD node_modules/shebang-command
334 silly ADD node_modules/setprototypeof
335 silly ADD node_modules/serve-static
336 silly ADD node_modules/send
337 silly ADD node_modules/safer-buffer
338 silly ADD node_modules/safe-buffer
339 silly ADD node_modules/router
340 silly ADD node_modules/rollup
341 silly ADD node_modules/resolve-from
342 silly ADD node_modules/readdirp
343 silly ADD node_modules/raw-body
344 silly ADD node_modules/raw-body/node_modules/iconv-lite
345 silly ADD node_modules/range-parser
346 silly ADD node_modules/qs
347 silly ADD node_modules/punycode
348 silly ADD node_modules/proxy-addr
349 silly ADD node_modules/postcss-load-config
350 silly ADD node_modules/pkg-types
351 silly ADD node_modules/pkce-challenge
352 silly ADD node_modules/pirates
353 silly ADD node_modules/picomatch
354 silly ADD node_modules/picocolors
355 silly ADD node_modules/pathe
356 silly ADD node_modules/path-to-regexp
357 silly ADD node_modules/path-scurry
358 silly ADD node_modules/path-key
359 silly ADD node_modules/parseurl
360 silly ADD node_modules/package-json-from-dist
361 silly ADD node_modules/once
362 silly ADD node_modules/on-finished
363 silly ADD node_modules/object-inspect
364 silly ADD node_modules/object-assign
365 silly ADD node_modules/negotiator
366 silly ADD node_modules/mz
367 silly ADD node_modules/ms
368 silly ADD node_modules/mlly
369 silly ADD node_modules/minipass
370 silly ADD node_modules/minimatch
371 silly ADD node_modules/mime-types
372 silly ADD node_modules/mime-db
373 silly ADD node_modules/merge-descriptors
374 silly ADD node_modules/media-typer
375 silly ADD node_modules/math-intrinsics
376 silly ADD node_modules/magic-string
377 silly ADD node_modules/lru-cache
378 silly ADD node_modules/lodash.sortby
379 silly ADD node_modules/load-tsconfig
380 silly ADD node_modules/lines-and-columns
381 silly ADD node_modules/lilconfig
382 silly ADD node_modules/json-schema-traverse
383 silly ADD node_modules/joycon
384 silly ADD node_modules/jackspeak
385 silly ADD node_modules/isexe
386 silly ADD node_modules/is-promise
387 silly ADD node_modules/is-fullwidth-code-point
388 silly ADD node_modules/ipaddr.js
389 silly ADD node_modules/inherits
390 silly ADD node_modules/iconv-lite
391 silly ADD node_modules/http-errors
392 silly ADD node_modules/http-errors/node_modules/statuses
393 silly ADD node_modules/hasown
394 silly ADD node_modules/has-symbols
395 silly ADD node_modules/gopd
396 silly ADD node_modules/glob
397 silly ADD node_modules/get-proto
398 silly ADD node_modules/get-intrinsic
399 silly ADD node_modules/function-bind
400 silly ADD node_modules/fsevents
401 silly ADD node_modules/fresh
402 silly ADD node_modules/forwarded
403 silly ADD node_modules/foreground-child
404 silly ADD node_modules/fix-dts-default-cjs-exports
405 silly ADD node_modules/finalhandler
406 silly ADD node_modules/fdir
407 silly ADD node_modules/fast-json-stable-stringify
408 silly ADD node_modules/fast-deep-equal
409 silly ADD node_modules/express-rate-limit
410 silly ADD node_modules/express
411 silly ADD node_modules/eventsource-parser
412 silly ADD node_modules/eventsource
413 silly ADD node_modules/etag
414 silly ADD node_modules/escape-html
415 silly ADD node_modules/esbuild
416 silly ADD node_modules/es-object-atoms
417 silly ADD node_modules/es-errors
418 silly ADD node_modules/es-define-property
419 silly ADD node_modules/encodeurl
420 silly ADD node_modules/emoji-regex
421 silly ADD node_modules/ee-first
422 silly ADD node_modules/eastasianwidth
423 silly ADD node_modules/dunder-proto
424 silly ADD node_modules/depd
425 silly ADD node_modules/debug
426 silly ADD node_modules/cross-spawn
427 silly ADD node_modules/cors
428 silly ADD node_modules/cookie-signature
429 silly ADD node_modules/cookie
430 silly ADD node_modules/content-type
431 silly ADD node_modules/content-disposition
432 silly ADD node_modules/consola
433 silly ADD node_modules/confbox
434 silly ADD node_modules/commander
435 silly ADD node_modules/color-name
436 silly ADD node_modules/color-convert
437 silly ADD node_modules/chokidar
438 silly ADD node_modules/call-bound
439 silly ADD node_modules/call-bind-apply-helpers
440 silly ADD node_modules/cac
441 silly ADD node_modules/bytes
442 silly ADD node_modules/bundle-require
443 silly ADD node_modules/brace-expansion
444 silly ADD node_modules/body-parser
445 silly ADD node_modules/balanced-match
446 silly ADD node_modules/any-promise
447 silly ADD node_modules/ansi-styles
448 silly ADD node_modules/ansi-regex
449 silly ADD node_modules/ajv
450 silly ADD node_modules/acorn
451 silly ADD node_modules/accepts
452 silly ADD node_modules/@types/estree
453 silly ADD node_modules/@rollup/rollup-win32-x64-msvc
454 silly ADD node_modules/@rollup/rollup-win32-x64-gnu
455 silly ADD node_modules/@rollup/rollup-win32-ia32-msvc
456 silly ADD node_modules/@rollup/rollup-win32-arm64-msvc
457 silly ADD node_modules/@rollup/rollup-openharmony-arm64
458 silly ADD node_modules/@rollup/rollup-linux-x64-musl
459 silly ADD node_modules/@rollup/rollup-linux-x64-gnu
460 silly ADD node_modules/@rollup/rollup-linux-s390x-gnu
461 silly ADD node_modules/@rollup/rollup-linux-riscv64-musl
462 silly ADD node_modules/@rollup/rollup-linux-riscv64-gnu
463 silly ADD node_modules/@rollup/rollup-linux-ppc64-gnu
464 silly ADD node_modules/@rollup/rollup-linux-loong64-gnu
465 silly ADD node_modules/@rollup/rollup-linux-arm64-musl
466 silly ADD node_modules/@rollup/rollup-linux-arm64-gnu
467 silly ADD node_modules/@rollup/rollup-linux-arm-musleabihf
468 silly ADD node_modules/@rollup/rollup-linux-arm-gnueabihf
469 silly ADD node_modules/@rollup/rollup-freebsd-x64
470 silly ADD node_modules/@rollup/rollup-freebsd-arm64
471 silly ADD node_modules/@rollup/rollup-darwin-x64
472 silly ADD node_modules/@rollup/rollup-darwin-arm64
473 silly ADD node_modules/@rollup/rollup-android-arm64
474 silly ADD node_modules/@rollup/rollup-android-arm-eabi
475 silly ADD node_modules/@pkgjs/parseargs
476 silly ADD node_modules/@modelcontextprotocol/sdk
477 silly ADD node_modules/@jridgewell/trace-mapping
478 silly ADD node_modules/@jridgewell/sourcemap-codec
479 silly ADD node_modules/@jridgewell/resolve-uri
480 silly ADD node_modules/@jridgewell/gen-mapping
481 silly ADD node_modules/@isaacs/cliui
482 silly ADD node_modules/@esbuild/win32-x64
483 silly ADD node_modules/@esbuild/win32-ia32
484 silly ADD node_modules/@esbuild/win32-arm64
485 silly ADD node_modules/@esbuild/sunos-x64
486 silly ADD node_modules/@esbuild/openharmony-arm64
487 silly ADD node_modules/@esbuild/openbsd-x64
488 silly ADD node_modules/@esbuild/openbsd-arm64
489 silly ADD node_modules/@esbuild/netbsd-x64
490 silly ADD node_modules/@esbuild/netbsd-arm64
491 silly ADD node_modules/@esbuild/linux-x64
492 silly ADD node_modules/@esbuild/linux-s390x
493 silly ADD node_modules/@esbuild/linux-riscv64
494 silly ADD node_modules/@esbuild/linux-ppc64
495 silly ADD node_modules/@esbuild/linux-mips64el
496 silly ADD node_modules/@esbuild/linux-loong64
497 silly ADD node_modules/@esbuild/linux-ia32
498 silly ADD node_modules/@esbuild/linux-arm64
499 silly ADD node_modules/@esbuild/linux-arm
500 silly ADD node_modules/@esbuild/freebsd-x64
501 silly ADD node_modules/@esbuild/freebsd-arm64
502 silly ADD node_modules/@esbuild/darwin-x64
503 silly ADD node_modules/@esbuild/darwin-arm64
504 silly ADD node_modules/@esbuild/android-x64
505 silly ADD node_modules/@esbuild/android-arm64
506 silly ADD node_modules/@esbuild/android-arm
507 silly ADD node_modules/@esbuild/aix-ppc64
508 verbose cwd /Users/marcelojimenezrocabado/mcpjam-inspector
509 verbose os Darwin 24.6.0
510 verbose node v24.10.0
511 verbose npm  v11.6.0
512 verbose exit 0
513 info ok
